#
# A fatal error has been detected by the Java Runtime Environment:
#
#  EXCEPTION_ACCESS_VIOLATION (0xc0000005) at pc=0x000000006e7814a6, pid=6332, tid=6200
#
# JRE version: Java(TM) SE Runtime Environment (15.0.1+9) (build 15.0.1+9-18)
# Java VM: Java HotSpot(TM) 64-Bit Server VM (15.0.1+9-18, mixed mode, sharing, tiered, compressed oops, g1 gc, windows-amd64)
# Problematic frame:
# C  [JavaController.dll+0x14a6]
#
# No core dump will be written. Minidumps are not enabled by default on client versions of Windows
#
# If you would like to submit a bug report, please visit:
#   https://bugreport.java.com/bugreport/crash.jsp
# The crash happened outside the Java Virtual Machine in native code.
# See problematic frame for where to report the bug.
#

---------------  S U M M A R Y ------------

Command Line: -Djava.library.path=C:/Users/fahim/AppData/Local/Programs/Webots/lib/controller/java T04Controller

Host: Intel(R) Core(TM) i7-8550U CPU @ 1.80GHz, 8 cores, 15G,  Windows 10 , 64 bit Build 18362 (10.0.18362.1110)
Time: Sat Nov 28 14:37:02 2020 Eastern Standard Time elapsed time: 27.623003 seconds (0d 0h 0m 27s)

---------------  T H R E A D  ---------------

Current thread (0x0000017effd667d0):  JavaThread "Thread-2" [_thread_in_native, id=6200, stack(0x0000006f8a500000,0x0000006f8a600000)]

Stack: [0x0000006f8a500000,0x0000006f8a600000],  sp=0x0000006f8a5fe9b0,  free space=1018k
Native frames: (J=compiled Java code, j=interpreted, Vv=VM code, C=native code)
C  [JavaController.dll+0x14a6]

Java frames: (J=compiled Java code, j=interpreted, Vv=VM code)
j  com.cyberbotics.webots.controller.wrapperJNI.Camera_getImage(JLcom/cyberbotics/webots/controller/Camera;)[I+0
j  com.cyberbotics.webots.controller.Camera.getImage()[I+5
j  simlejos.hardware.sensor.EV3ColorSensor$RedMode.fetchSample([FI)V+17
j  simlejos.hardware.sensor.BaseSensor.fetchSample([FI)V+11
j  ca.mcgill.ecse211.project.LightLocalizer.localize()V+73
j  ca.mcgill.ecse211.project.Main.lambda$main$0()V+3
j  ca.mcgill.ecse211.project.Main$$Lambda$4+0x0000000800bbfc98.run()V+0
j  java.lang.Thread.run()V+11 java.base@15.0.1
v  ~StubRoutines::call_stub

siginfo: EXCEPTION_ACCESS_VIOLATION (0xc0000005), reading address 0x0000000000000000


Register to memory mapping:

RIP=0x000000006e7814a6 JavaController.dll
RAX=0x0 is NULL
RBX=0x0 is NULL
RCX=0x0000000000000001 is an unknown value
RDX=0xfffffe8811fc9f4c is an unknown value
RSP=0x0000006f8a5fe9b0 is pointing into the stack for thread: 0x0000017effd667d0
RBP=0x0000000000000001 is an unknown value
RSI=0x0000017effd66af8 points into unknown readable memory: 0x00007ffb8e6dde40 | 40 de 6d 8e fb 7f 00 00
RDI=0x0000017effc86ad0 points into unknown readable memory: 0x0000000711d2fd08 | 08 fd d2 11 07 00 00 00
R8 =0x0000017effd65dd0 points into unknown readable memory: 0x0065636100000000 | 00 00 00 00 61 63 65 00
R9 =0x0000000711d2fd18 points into unknown readable memory: 0x0000000000000000 | 00 00 00 00 00 00 00 00
R10=0x0 is NULL
R11=0xfde76edbc4015ed7 is an unknown value
R12=0x0 is NULL
R13={method} {0x0000017eff74bf78} 'Camera_getImage' '(JLcom/cyberbotics/webots/controller/Camera;)[I' in 'com/cyberbotics/webots/controller/wrapperJNI'
R14=0x0000006f8a5feb08 is pointing into the stack for thread: 0x0000017effd667d0
R15=0x0000017effd667d0 is a thread


Registers:
RAX=0x0000000000000000, RBX=0x0000000000000000, RCX=0x0000000000000001, RDX=0xfffffe8811fc9f4c
RSP=0x0000006f8a5fe9b0, RBP=0x0000000000000001, RSI=0x0000017effd66af8, RDI=0x0000017effc86ad0
R8 =0x0000017effd65dd0, R9 =0x0000000711d2fd18, R10=0x0000000000000000, R11=0xfde76edbc4015ed7
R12=0x0000000000000000, R13=0x0000017eff74bf70, R14=0x0000006f8a5feb08, R15=0x0000017effd667d0
RIP=0x000000006e7814a6, EFLAGS=0x0000000000010202

Top of Stack: (sp=0x0000006f8a5fe9b0)
0x0000006f8a5fe9b0:   0000000000000001 0000017effc86ad0
0x0000006f8a5fe9c0:   0000000000000000 0000006f8a5feb08
0x0000006f8a5fe9d0:   0000017ef2baed70 0000017ef2baed70
0x0000006f8a5fe9e0:   0000017effd66af8 0000000000000000
0x0000006f8a5fe9f0:   0000000000000001 000000006e7820a8
0x0000006f8a5fea00:   0000017ef2baed70 0000000010000000
0x0000006f8a5fea10:   0000006f8a5fead0 000000006e7820bd
0x0000006f8a5fea20:   0000017ef2baceb0 0000017eff74bf70
0x0000006f8a5fea30:   00000000e239b4f7 0000017e80009bc0
0x0000006f8a5fea40:   0000006f8a5fead8 0000017e8000f177
0x0000006f8a5fea50:   0000000000000001 00007ffbf3b714cb
0x0000006f8a5fea60:   0000017effd65bb0 0000000000000000
0x0000006f8a5fea70:   0000000000000001 0000000000000001
0x0000006f8a5fea80:   0000017effd65bb0 0000006f8a5fea88
0x0000006f8a5fea90:   0000006f8a5fea90 0000000000000000
0x0000006f8a5feaa0:   0000006f8a5feb08 0000017eff760eb0 

Instructions: (pc=0x000000006e7814a6)
0x000000006e7813a6:   20 48 89 ce 4c 89 c7 48 8d 1d 4c ff 00 00 83 fa
0x000000006e7813b6:   01 74 0e 48 83 c3 10 8b 03 85 c0 74 04 39 d0 75
0x000000006e7813c6:   f2 48 8b 06 48 89 f1 ff 90 88 00 00 00 48 8b 53
0x000000006e7813d6:   08 48 8b 06 48 89 f1 ff 50 30 48 89 c2 48 85 c0
0x000000006e7813e6:   74 0d 48 8b 06 49 89 f8 48 89 f1 ff 50 70 90 48
0x000000006e7813f6:   83 c4 20 5b 5e 5f c3 55 57 56 53 48 83 ec 28 48
0x000000006e781406:   89 cf 48 89 d3 4c 89 c6 4c 89 cd 48 8b 01 4c 89
0x000000006e781416:   ca ff 90 58 05 00 00 85 c0 7e 16 89 c1 b8 00 00
0x000000006e781426:   00 00 8b 14 86 89 14 83 48 83 c0 01 48 39 c8 75
0x000000006e781436:   f1 48 8b 07 41 b9 00 00 00 00 49 89 d8 48 89 ea
0x000000006e781446:   48 89 f9 ff 90 18 06 00 00 90 48 83 c4 28 5b 5e
0x000000006e781456:   5f 5d c3 55 57 56 53 48 83 ec 28 48 89 ce 48 89
0x000000006e781466:   d3 44 89 c5 48 8b 01 44 89 c2 ff 90 98 05 00 00
0x000000006e781476:   48 89 c7 48 85 c0 74 4d 48 8b 06 41 b8 00 00 00
0x000000006e781486:   00 48 89 fa 48 89 f1 ff 90 d8 05 00 00 49 89 c0
0x000000006e781496:   48 85 c0 74 3c 85 ed 7e 17 89 e9 b8 00 00 00 00
0x000000006e7814a6:   8b 14 83 41 89 14 80 48 83 c0 01 48 39 c8 75 f0
0x000000006e7814b6:   48 8b 06 41 b9 00 00 00 00 48 89 fa 48 89 f1 ff
0x000000006e7814c6:   90 18 06 00 00 48 89 f8 48 83 c4 28 5b 5e 5f 5d
0x000000006e7814d6:   c3 48 89 c7 eb ef 55 57 56 53 48 83 ec 28 48 89
0x000000006e7814e6:   cf 48 89 d6 44 89 c3 48 8b 01 44 89 c2 ff 90 a8
0x000000006e7814f6:   05 00 00 48 89 c5 48 85 c0 74 51 48 8b 07 41 b8
0x000000006e781506:   00 00 00 00 48 89 ea 48 89 f9 ff 90 e8 05 00 00
0x000000006e781516:   49 89 c0 48 85 c0 74 40 85 db 7e 1b 89 da b8 00
0x000000006e781526:   00 00 00 f3 0f 10 04 86 f3 41 0f 11 04 80 48 83
0x000000006e781536:   c0 01 48 39 d0 75 ec 48 8b 07 41 b9 00 00 00 00
0x000000006e781546:   48 89 ea 48 89 f9 ff 90 28 06 00 00 48 89 e8 48
0x000000006e781556:   83 c4 28 5b 5e 5f 5d c3 48 89 c5 eb ef 55 57 56
0x000000006e781566:   53 48 83 ec 28 48 89 cf 48 89 d3 4c 89 c6 4c 89
0x000000006e781576:   cd 48 8b 01 4c 89 ca ff 90 58 05 00 00 85 c0 7e
0x000000006e781586:   1a 89 c2 b8 00 00 00 00 f2 0f 10 04 c6 f2 0f 11
0x000000006e781596:   04 c3 48 83 c0 01 48 39 d0 75 ed 48 8b 07 41 b9 


Stack slot to memory mapping:
stack at sp + 0 slots: 0x0000000000000001 is an unknown value
stack at sp + 1 slots: 0x0000017effc86ad0 points into unknown readable memory: 0x0000000711d2fd08 | 08 fd d2 11 07 00 00 00
stack at sp + 2 slots: 0x0 is NULL
stack at sp + 3 slots: 0x0000006f8a5feb08 is pointing into the stack for thread: 0x0000017effd667d0
stack at sp + 4 slots: 0x0000017ef2baed70 points into unknown readable memory: 0x0000000064f58c40 | 40 8c f5 64 00 00 00 00
stack at sp + 5 slots: 0x0000017ef2baed70 points into unknown readable memory: 0x0000000064f58c40 | 40 8c f5 64 00 00 00 00
stack at sp + 6 slots: 0x0000017effd66af8 points into unknown readable memory: 0x00007ffb8e6dde40 | 40 de 6d 8e fb 7f 00 00
stack at sp + 7 slots: 0x0 is NULL


---------------  P R O C E S S  ---------------

Threads class SMR info:
_java_thread_list=0x0000017effd5a650, length=14, elements={
0x0000017ef4b83db0, 0x0000017effb311b0, 0x0000017effb31b90, 0x0000017effb4bb60,
0x0000017effb4e430, 0x0000017effb4fd00, 0x0000017effb52d00, 0x0000017effb5ebc0,
0x0000017effb67c90, 0x0000017effc78590, 0x0000017effc88980, 0x0000017effce9e70,
0x0000017effd65ef0, 0x0000017effd667d0
}

Java Threads: ( => current thread )
  0x0000017ef4b83db0 JavaThread "main" [_thread_blocked, id=13404, stack(0x0000006f89100000,0x0000006f89200000)]
  0x0000017effb311b0 JavaThread "Reference Handler" daemon [_thread_blocked, id=22204, stack(0x0000006f89800000,0x0000006f89900000)]
  0x0000017effb31b90 JavaThread "Finalizer" daemon [_thread_blocked, id=14496, stack(0x0000006f89900000,0x0000006f89a00000)]
  0x0000017effb4bb60 JavaThread "Signal Dispatcher" daemon [_thread_blocked, id=5052, stack(0x0000006f89a00000,0x0000006f89b00000)]
  0x0000017effb4e430 JavaThread "Attach Listener" daemon [_thread_blocked, id=26056, stack(0x0000006f89b00000,0x0000006f89c00000)]
  0x0000017effb4fd00 JavaThread "Service Thread" daemon [_thread_blocked, id=24004, stack(0x0000006f89c00000,0x0000006f89d00000)]
  0x0000017effb52d00 JavaThread "C2 CompilerThread0" daemon [_thread_blocked, id=27604, stack(0x0000006f89d00000,0x0000006f89e00000)]
  0x0000017effb5ebc0 JavaThread "C1 CompilerThread0" daemon [_thread_blocked, id=11192, stack(0x0000006f89e00000,0x0000006f89f00000)]
  0x0000017effb67c90 JavaThread "Sweeper thread" daemon [_thread_blocked, id=28664, stack(0x0000006f89f00000,0x0000006f8a000000)]
  0x0000017effc78590 JavaThread "Notification Thread" daemon [_thread_blocked, id=19816, stack(0x0000006f8a000000,0x0000006f8a100000)]
  0x0000017effc88980 JavaThread "Common-Cleaner" daemon [_thread_blocked, id=23368, stack(0x0000006f8a200000,0x0000006f8a300000)]
  0x0000017effce9e70 JavaThread "Thread-0" [_thread_in_native, id=12724, stack(0x0000006f8a300000,0x0000006f8a400000)]
  0x0000017effd65ef0 JavaThread "Thread-1" [_thread_in_native, id=29832, stack(0x0000006f8a400000,0x0000006f8a500000)]
=>0x0000017effd667d0 JavaThread "Thread-2" [_thread_in_native, id=6200, stack(0x0000006f8a500000,0x0000006f8a600000)]

Other Threads:
  0x0000017eff32ea20 VMThread "VM Thread" [stack: 0x0000006f89700000,0x0000006f89800000] [id=26076]
  0x0000017effc854b0 WatcherThread [stack: 0x0000006f8a100000,0x0000006f8a200000] [id=28272]
  0x0000017ef4bd4650 GCTaskThread "GC Thread#0" [stack: 0x0000006f89200000,0x0000006f89300000] [id=22344]
  0x0000017ef4be54c0 ConcurrentGCThread "G1 Main Marker" [stack: 0x0000006f89300000,0x0000006f89400000] [id=26996]
  0x0000017ef4be7670 ConcurrentGCThread "G1 Conc#0" [stack: 0x0000006f89400000,0x0000006f89500000] [id=30092]
  0x0000017ef4c401d0 ConcurrentGCThread "G1 Refine#0" [stack: 0x0000006f89500000,0x0000006f89600000] [id=23156]
  0x0000017ef4c40be0 ConcurrentGCThread "G1 Young RemSet Sampling" [stack: 0x0000006f89600000,0x0000006f89700000] [id=3408]

Threads with active compile tasks:

VM state: not at safepoint (normal execution)

VM Mutex/Monitor currently owned by a thread: None

Heap address: 0x0000000702600000, size: 4058 MB, Compressed Oops mode: Zero based, Oop shift amount: 3
CDS archive(s) mapped at: [0x0000000800000000-0x0000000800b50000-0x0000000800b50000), size 11862016, SharedBaseAddress: 0x0000000800000000, ArchiveRelocationMode: 0.
Compressed class space mapped at: 0x0000000800b50000-0x0000000840b50000, size: 1073741824
Narrow klass base: 0x0000000800000000, Narrow klass shift: 3, Narrow klass range: 0x100000000

GC Precious Log:
 CPUs: 8 total, 8 available
 Memory: 16226M
 Large Page Support: Disabled
 NUMA Support: Disabled
 Compressed Oops: Enabled (Zero based)
 Heap Region Size: 2M
 Heap Min Capacity: 8M
 Heap Initial Capacity: 254M
 Heap Max Capacity: 4058M
 Pre-touch: Disabled
 Parallel Workers: 8
 Concurrent Workers: 2
 Concurrent Refinement Workers: 8
 Periodic GC: Disabled

Heap:
 garbage-first heap   total 260096K, used 6144K [0x0000000702600000, 0x0000000800000000)
  region size 2048K, 4 young (8192K), 0 survivors (0K)
 Metaspace       used 1379K, capacity 5031K, committed 5120K, reserved 1056768K
  class space    used 123K, capacity 461K, committed 512K, reserved 1048576K

Heap Regions: E=young(eden), S=young(survivor), O=old, HS=humongous(starts), HC=humongous(continues), CS=collection set, F=free, OA=open archive, CA=closed archive, TAMS=top-at-mark-start (previous, next)
|   0|0x0000000702600000, 0x0000000702600000, 0x0000000702800000|  0%| F|  |TAMS 0x0000000702600000, 0x0000000702600000| Untracked 
|   1|0x0000000702800000, 0x0000000702800000, 0x0000000702a00000|  0%| F|  |TAMS 0x0000000702800000, 0x0000000702800000| Untracked 
|   2|0x0000000702a00000, 0x0000000702a00000, 0x0000000702c00000|  0%| F|  |TAMS 0x0000000702a00000, 0x0000000702a00000| Untracked 
|   3|0x0000000702c00000, 0x0000000702c00000, 0x0000000702e00000|  0%| F|  |TAMS 0x0000000702c00000, 0x0000000702c00000| Untracked 
|   4|0x0000000702e00000, 0x0000000702e00000, 0x0000000703000000|  0%| F|  |TAMS 0x0000000702e00000, 0x0000000702e00000| Untracked 
|   5|0x0000000703000000, 0x0000000703000000, 0x0000000703200000|  0%| F|  |TAMS 0x0000000703000000, 0x0000000703000000| Untracked 
|   6|0x0000000703200000, 0x0000000703200000, 0x0000000703400000|  0%| F|  |TAMS 0x0000000703200000, 0x0000000703200000| Untracked 
|   7|0x0000000703400000, 0x0000000703400000, 0x0000000703600000|  0%| F|  |TAMS 0x0000000703400000, 0x0000000703400000| Untracked 
|   8|0x0000000703600000, 0x0000000703600000, 0x0000000703800000|  0%| F|  |TAMS 0x0000000703600000, 0x0000000703600000| Untracked 
|   9|0x0000000703800000, 0x0000000703800000, 0x0000000703a00000|  0%| F|  |TAMS 0x0000000703800000, 0x0000000703800000| Untracked 
|  10|0x0000000703a00000, 0x0000000703a00000, 0x0000000703c00000|  0%| F|  |TAMS 0x0000000703a00000, 0x0000000703a00000| Untracked 
|  11|0x0000000703c00000, 0x0000000703c00000, 0x0000000703e00000|  0%| F|  |TAMS 0x0000000703c00000, 0x0000000703c00000| Untracked 
|  12|0x0000000703e00000, 0x0000000703e00000, 0x0000000704000000|  0%| F|  |TAMS 0x0000000703e00000, 0x0000000703e00000| Untracked 
|  13|0x0000000704000000, 0x0000000704000000, 0x0000000704200000|  0%| F|  |TAMS 0x0000000704000000, 0x0000000704000000| Untracked 
|  14|0x0000000704200000, 0x0000000704200000, 0x0000000704400000|  0%| F|  |TAMS 0x0000000704200000, 0x0000000704200000| Untracked 
|  15|0x0000000704400000, 0x0000000704400000, 0x0000000704600000|  0%| F|  |TAMS 0x0000000704400000, 0x0000000704400000| Untracked 
|  16|0x0000000704600000, 0x0000000704600000, 0x0000000704800000|  0%| F|  |TAMS 0x0000000704600000, 0x0000000704600000| Untracked 
|  17|0x0000000704800000, 0x0000000704800000, 0x0000000704a00000|  0%| F|  |TAMS 0x0000000704800000, 0x0000000704800000| Untracked 
|  18|0x0000000704a00000, 0x0000000704a00000, 0x0000000704c00000|  0%| F|  |TAMS 0x0000000704a00000, 0x0000000704a00000| Untracked 
|  19|0x0000000704c00000, 0x0000000704c00000, 0x0000000704e00000|  0%| F|  |TAMS 0x0000000704c00000, 0x0000000704c00000| Untracked 
|  20|0x0000000704e00000, 0x0000000704e00000, 0x0000000705000000|  0%| F|  |TAMS 0x0000000704e00000, 0x0000000704e00000| Untracked 
|  21|0x0000000705000000, 0x0000000705000000, 0x0000000705200000|  0%| F|  |TAMS 0x0000000705000000, 0x0000000705000000| Untracked 
|  22|0x0000000705200000, 0x0000000705200000, 0x0000000705400000|  0%| F|  |TAMS 0x0000000705200000, 0x0000000705200000| Untracked 
|  23|0x0000000705400000, 0x0000000705400000, 0x0000000705600000|  0%| F|  |TAMS 0x0000000705400000, 0x0000000705400000| Untracked 
|  24|0x0000000705600000, 0x0000000705600000, 0x0000000705800000|  0%| F|  |TAMS 0x0000000705600000, 0x0000000705600000| Untracked 
|  25|0x0000000705800000, 0x0000000705800000, 0x0000000705a00000|  0%| F|  |TAMS 0x0000000705800000, 0x0000000705800000| Untracked 
|  26|0x0000000705a00000, 0x0000000705a00000, 0x0000000705c00000|  0%| F|  |TAMS 0x0000000705a00000, 0x0000000705a00000| Untracked 
|  27|0x0000000705c00000, 0x0000000705c00000, 0x0000000705e00000|  0%| F|  |TAMS 0x0000000705c00000, 0x0000000705c00000| Untracked 
|  28|0x0000000705e00000, 0x0000000705e00000, 0x0000000706000000|  0%| F|  |TAMS 0x0000000705e00000, 0x0000000705e00000| Untracked 
|  29|0x0000000706000000, 0x0000000706000000, 0x0000000706200000|  0%| F|  |TAMS 0x0000000706000000, 0x0000000706000000| Untracked 
|  30|0x0000000706200000, 0x0000000706200000, 0x0000000706400000|  0%| F|  |TAMS 0x0000000706200000, 0x0000000706200000| Untracked 
|  31|0x0000000706400000, 0x0000000706400000, 0x0000000706600000|  0%| F|  |TAMS 0x0000000706400000, 0x0000000706400000| Untracked 
|  32|0x0000000706600000, 0x0000000706600000, 0x0000000706800000|  0%| F|  |TAMS 0x0000000706600000, 0x0000000706600000| Untracked 
|  33|0x0000000706800000, 0x0000000706800000, 0x0000000706a00000|  0%| F|  |TAMS 0x0000000706800000, 0x0000000706800000| Untracked 
|  34|0x0000000706a00000, 0x0000000706a00000, 0x0000000706c00000|  0%| F|  |TAMS 0x0000000706a00000, 0x0000000706a00000| Untracked 
|  35|0x0000000706c00000, 0x0000000706c00000, 0x0000000706e00000|  0%| F|  |TAMS 0x0000000706c00000, 0x0000000706c00000| Untracked 
|  36|0x0000000706e00000, 0x0000000706e00000, 0x0000000707000000|  0%| F|  |TAMS 0x0000000706e00000, 0x0000000706e00000| Untracked 
|  37|0x0000000707000000, 0x0000000707000000, 0x0000000707200000|  0%| F|  |TAMS 0x0000000707000000, 0x0000000707000000| Untracked 
|  38|0x0000000707200000, 0x0000000707200000, 0x0000000707400000|  0%| F|  |TAMS 0x0000000707200000, 0x0000000707200000| Untracked 
|  39|0x0000000707400000, 0x0000000707400000, 0x0000000707600000|  0%| F|  |TAMS 0x0000000707400000, 0x0000000707400000| Untracked 
|  40|0x0000000707600000, 0x0000000707600000, 0x0000000707800000|  0%| F|  |TAMS 0x0000000707600000, 0x0000000707600000| Untracked 
|  41|0x0000000707800000, 0x0000000707800000, 0x0000000707a00000|  0%| F|  |TAMS 0x0000000707800000, 0x0000000707800000| Untracked 
|  42|0x0000000707a00000, 0x0000000707a00000, 0x0000000707c00000|  0%| F|  |TAMS 0x0000000707a00000, 0x0000000707a00000| Untracked 
|  43|0x0000000707c00000, 0x0000000707c00000, 0x0000000707e00000|  0%| F|  |TAMS 0x0000000707c00000, 0x0000000707c00000| Untracked 
|  44|0x0000000707e00000, 0x0000000707e00000, 0x0000000708000000|  0%| F|  |TAMS 0x0000000707e00000, 0x0000000707e00000| Untracked 
|  45|0x0000000708000000, 0x0000000708000000, 0x0000000708200000|  0%| F|  |TAMS 0x0000000708000000, 0x0000000708000000| Untracked 
|  46|0x0000000708200000, 0x0000000708200000, 0x0000000708400000|  0%| F|  |TAMS 0x0000000708200000, 0x0000000708200000| Untracked 
|  47|0x0000000708400000, 0x0000000708400000, 0x0000000708600000|  0%| F|  |TAMS 0x0000000708400000, 0x0000000708400000| Untracked 
|  48|0x0000000708600000, 0x0000000708600000, 0x0000000708800000|  0%| F|  |TAMS 0x0000000708600000, 0x0000000708600000| Untracked 
|  49|0x0000000708800000, 0x0000000708800000, 0x0000000708a00000|  0%| F|  |TAMS 0x0000000708800000, 0x0000000708800000| Untracked 
|  50|0x0000000708a00000, 0x0000000708a00000, 0x0000000708c00000|  0%| F|  |TAMS 0x0000000708a00000, 0x0000000708a00000| Untracked 
|  51|0x0000000708c00000, 0x0000000708c00000, 0x0000000708e00000|  0%| F|  |TAMS 0x0000000708c00000, 0x0000000708c00000| Untracked 
|  52|0x0000000708e00000, 0x0000000708e00000, 0x0000000709000000|  0%| F|  |TAMS 0x0000000708e00000, 0x0000000708e00000| Untracked 
|  53|0x0000000709000000, 0x0000000709000000, 0x0000000709200000|  0%| F|  |TAMS 0x0000000709000000, 0x0000000709000000| Untracked 
|  54|0x0000000709200000, 0x0000000709200000, 0x0000000709400000|  0%| F|  |TAMS 0x0000000709200000, 0x0000000709200000| Untracked 
|  55|0x0000000709400000, 0x0000000709400000, 0x0000000709600000|  0%| F|  |TAMS 0x0000000709400000, 0x0000000709400000| Untracked 
|  56|0x0000000709600000, 0x0000000709600000, 0x0000000709800000|  0%| F|  |TAMS 0x0000000709600000, 0x0000000709600000| Untracked 
|  57|0x0000000709800000, 0x0000000709800000, 0x0000000709a00000|  0%| F|  |TAMS 0x0000000709800000, 0x0000000709800000| Untracked 
|  58|0x0000000709a00000, 0x0000000709a00000, 0x0000000709c00000|  0%| F|  |TAMS 0x0000000709a00000, 0x0000000709a00000| Untracked 
|  59|0x0000000709c00000, 0x0000000709c00000, 0x0000000709e00000|  0%| F|  |TAMS 0x0000000709c00000, 0x0000000709c00000| Untracked 
|  60|0x0000000709e00000, 0x0000000709e00000, 0x000000070a000000|  0%| F|  |TAMS 0x0000000709e00000, 0x0000000709e00000| Untracked 
|  61|0x000000070a000000, 0x000000070a000000, 0x000000070a200000|  0%| F|  |TAMS 0x000000070a000000, 0x000000070a000000| Untracked 
|  62|0x000000070a200000, 0x000000070a200000, 0x000000070a400000|  0%| F|  |TAMS 0x000000070a200000, 0x000000070a200000| Untracked 
|  63|0x000000070a400000, 0x000000070a400000, 0x000000070a600000|  0%| F|  |TAMS 0x000000070a400000, 0x000000070a400000| Untracked 
|  64|0x000000070a600000, 0x000000070a600000, 0x000000070a800000|  0%| F|  |TAMS 0x000000070a600000, 0x000000070a600000| Untracked 
|  65|0x000000070a800000, 0x000000070a800000, 0x000000070aa00000|  0%| F|  |TAMS 0x000000070a800000, 0x000000070a800000| Untracked 
|  66|0x000000070aa00000, 0x000000070aa00000, 0x000000070ac00000|  0%| F|  |TAMS 0x000000070aa00000, 0x000000070aa00000| Untracked 
|  67|0x000000070ac00000, 0x000000070ac00000, 0x000000070ae00000|  0%| F|  |TAMS 0x000000070ac00000, 0x000000070ac00000| Untracked 
|  68|0x000000070ae00000, 0x000000070ae00000, 0x000000070b000000|  0%| F|  |TAMS 0x000000070ae00000, 0x000000070ae00000| Untracked 
|  69|0x000000070b000000, 0x000000070b000000, 0x000000070b200000|  0%| F|  |TAMS 0x000000070b000000, 0x000000070b000000| Untracked 
|  70|0x000000070b200000, 0x000000070b200000, 0x000000070b400000|  0%| F|  |TAMS 0x000000070b200000, 0x000000070b200000| Untracked 
|  71|0x000000070b400000, 0x000000070b400000, 0x000000070b600000|  0%| F|  |TAMS 0x000000070b400000, 0x000000070b400000| Untracked 
|  72|0x000000070b600000, 0x000000070b600000, 0x000000070b800000|  0%| F|  |TAMS 0x000000070b600000, 0x000000070b600000| Untracked 
|  73|0x000000070b800000, 0x000000070b800000, 0x000000070ba00000|  0%| F|  |TAMS 0x000000070b800000, 0x000000070b800000| Untracked 
|  74|0x000000070ba00000, 0x000000070ba00000, 0x000000070bc00000|  0%| F|  |TAMS 0x000000070ba00000, 0x000000070ba00000| Untracked 
|  75|0x000000070bc00000, 0x000000070bc00000, 0x000000070be00000|  0%| F|  |TAMS 0x000000070bc00000, 0x000000070bc00000| Untracked 
|  76|0x000000070be00000, 0x000000070be00000, 0x000000070c000000|  0%| F|  |TAMS 0x000000070be00000, 0x000000070be00000| Untracked 
|  77|0x000000070c000000, 0x000000070c000000, 0x000000070c200000|  0%| F|  |TAMS 0x000000070c000000, 0x000000070c000000| Untracked 
|  78|0x000000070c200000, 0x000000070c200000, 0x000000070c400000|  0%| F|  |TAMS 0x000000070c200000, 0x000000070c200000| Untracked 
|  79|0x000000070c400000, 0x000000070c400000, 0x000000070c600000|  0%| F|  |TAMS 0x000000070c400000, 0x000000070c400000| Untracked 
|  80|0x000000070c600000, 0x000000070c600000, 0x000000070c800000|  0%| F|  |TAMS 0x000000070c600000, 0x000000070c600000| Untracked 
|  81|0x000000070c800000, 0x000000070c800000, 0x000000070ca00000|  0%| F|  |TAMS 0x000000070c800000, 0x000000070c800000| Untracked 
|  82|0x000000070ca00000, 0x000000070ca00000, 0x000000070cc00000|  0%| F|  |TAMS 0x000000070ca00000, 0x000000070ca00000| Untracked 
|  83|0x000000070cc00000, 0x000000070cc00000, 0x000000070ce00000|  0%| F|  |TAMS 0x000000070cc00000, 0x000000070cc00000| Untracked 
|  84|0x000000070ce00000, 0x000000070ce00000, 0x000000070d000000|  0%| F|  |TAMS 0x000000070ce00000, 0x000000070ce00000| Untracked 
|  85|0x000000070d000000, 0x000000070d000000, 0x000000070d200000|  0%| F|  |TAMS 0x000000070d000000, 0x000000070d000000| Untracked 
|  86|0x000000070d200000, 0x000000070d200000, 0x000000070d400000|  0%| F|  |TAMS 0x000000070d200000, 0x000000070d200000| Untracked 
|  87|0x000000070d400000, 0x000000070d400000, 0x000000070d600000|  0%| F|  |TAMS 0x000000070d400000, 0x000000070d400000| Untracked 
|  88|0x000000070d600000, 0x000000070d600000, 0x000000070d800000|  0%| F|  |TAMS 0x000000070d600000, 0x000000070d600000| Untracked 
|  89|0x000000070d800000, 0x000000070d800000, 0x000000070da00000|  0%| F|  |TAMS 0x000000070d800000, 0x000000070d800000| Untracked 
|  90|0x000000070da00000, 0x000000070da00000, 0x000000070dc00000|  0%| F|  |TAMS 0x000000070da00000, 0x000000070da00000| Untracked 
|  91|0x000000070dc00000, 0x000000070dc00000, 0x000000070de00000|  0%| F|  |TAMS 0x000000070dc00000, 0x000000070dc00000| Untracked 
|  92|0x000000070de00000, 0x000000070de00000, 0x000000070e000000|  0%| F|  |TAMS 0x000000070de00000, 0x000000070de00000| Untracked 
|  93|0x000000070e000000, 0x000000070e000000, 0x000000070e200000|  0%| F|  |TAMS 0x000000070e000000, 0x000000070e000000| Untracked 
|  94|0x000000070e200000, 0x000000070e200000, 0x000000070e400000|  0%| F|  |TAMS 0x000000070e200000, 0x000000070e200000| Untracked 
|  95|0x000000070e400000, 0x000000070e400000, 0x000000070e600000|  0%| F|  |TAMS 0x000000070e400000, 0x000000070e400000| Untracked 
|  96|0x000000070e600000, 0x000000070e600000, 0x000000070e800000|  0%| F|  |TAMS 0x000000070e600000, 0x000000070e600000| Untracked 
|  97|0x000000070e800000, 0x000000070e800000, 0x000000070ea00000|  0%| F|  |TAMS 0x000000070e800000, 0x000000070e800000| Untracked 
|  98|0x000000070ea00000, 0x000000070ea00000, 0x000000070ec00000|  0%| F|  |TAMS 0x000000070ea00000, 0x000000070ea00000| Untracked 
|  99|0x000000070ec00000, 0x000000070ec00000, 0x000000070ee00000|  0%| F|  |TAMS 0x000000070ec00000, 0x000000070ec00000| Untracked 
| 100|0x000000070ee00000, 0x000000070ee00000, 0x000000070f000000|  0%| F|  |TAMS 0x000000070ee00000, 0x000000070ee00000| Untracked 
| 101|0x000000070f000000, 0x000000070f000000, 0x000000070f200000|  0%| F|  |TAMS 0x000000070f000000, 0x000000070f000000| Untracked 
| 102|0x000000070f200000, 0x000000070f200000, 0x000000070f400000|  0%| F|  |TAMS 0x000000070f200000, 0x000000070f200000| Untracked 
| 103|0x000000070f400000, 0x000000070f400000, 0x000000070f600000|  0%| F|  |TAMS 0x000000070f400000, 0x000000070f400000| Untracked 
| 104|0x000000070f600000, 0x000000070f600000, 0x000000070f800000|  0%| F|  |TAMS 0x000000070f600000, 0x000000070f600000| Untracked 
| 105|0x000000070f800000, 0x000000070f800000, 0x000000070fa00000|  0%| F|  |TAMS 0x000000070f800000, 0x000000070f800000| Untracked 
| 106|0x000000070fa00000, 0x000000070fa00000, 0x000000070fc00000|  0%| F|  |TAMS 0x000000070fa00000, 0x000000070fa00000| Untracked 
| 107|0x000000070fc00000, 0x000000070fc00000, 0x000000070fe00000|  0%| F|  |TAMS 0x000000070fc00000, 0x000000070fc00000| Untracked 
| 108|0x000000070fe00000, 0x000000070fe00000, 0x0000000710000000|  0%| F|  |TAMS 0x000000070fe00000, 0x000000070fe00000| Untracked 
| 109|0x0000000710000000, 0x0000000710000000, 0x0000000710200000|  0%| F|  |TAMS 0x0000000710000000, 0x0000000710000000| Untracked 
| 110|0x0000000710200000, 0x0000000710200000, 0x0000000710400000|  0%| F|  |TAMS 0x0000000710200000, 0x0000000710200000| Untracked 
| 111|0x0000000710400000, 0x0000000710400000, 0x0000000710600000|  0%| F|  |TAMS 0x0000000710400000, 0x0000000710400000| Untracked 
| 112|0x0000000710600000, 0x0000000710600000, 0x0000000710800000|  0%| F|  |TAMS 0x0000000710600000, 0x0000000710600000| Untracked 
| 113|0x0000000710800000, 0x0000000710800000, 0x0000000710a00000|  0%| F|  |TAMS 0x0000000710800000, 0x0000000710800000| Untracked 
| 114|0x0000000710a00000, 0x0000000710a00000, 0x0000000710c00000|  0%| F|  |TAMS 0x0000000710a00000, 0x0000000710a00000| Untracked 
| 115|0x0000000710c00000, 0x0000000710c00000, 0x0000000710e00000|  0%| F|  |TAMS 0x0000000710c00000, 0x0000000710c00000| Untracked 
| 116|0x0000000710e00000, 0x0000000710e00000, 0x0000000711000000|  0%| F|  |TAMS 0x0000000710e00000, 0x0000000710e00000| Untracked 
| 117|0x0000000711000000, 0x0000000711000000, 0x0000000711200000|  0%| F|  |TAMS 0x0000000711000000, 0x0000000711000000| Untracked 
| 118|0x0000000711200000, 0x0000000711200000, 0x0000000711400000|  0%| F|  |TAMS 0x0000000711200000, 0x0000000711200000| Untracked 
| 119|0x0000000711400000, 0x0000000711400000, 0x0000000711600000|  0%| F|  |TAMS 0x0000000711400000, 0x0000000711400000| Untracked 
| 120|0x0000000711600000, 0x0000000711600000, 0x0000000711800000|  0%| F|  |TAMS 0x0000000711600000, 0x0000000711600000| Untracked 
| 121|0x0000000711800000, 0x0000000711800000, 0x0000000711a00000|  0%| F|  |TAMS 0x0000000711800000, 0x0000000711800000| Untracked 
| 122|0x0000000711a00000, 0x0000000711a00000, 0x0000000711c00000|  0%| F|  |TAMS 0x0000000711a00000, 0x0000000711a00000| Untracked 
| 123|0x0000000711c00000, 0x0000000711e00000, 0x0000000711e00000|100%| E|  |TAMS 0x0000000711c00000, 0x0000000711c00000| Complete 
| 124|0x0000000711e00000, 0x0000000712000000, 0x0000000712000000|100%| E|CS|TAMS 0x0000000711e00000, 0x0000000711e00000| Complete 
| 125|0x0000000712000000, 0x0000000712200000, 0x0000000712200000|100%| E|CS|TAMS 0x0000000712000000, 0x0000000712000000| Complete 
| 126|0x0000000712200000, 0x0000000712400000, 0x0000000712400000|100%| E|CS|TAMS 0x0000000712200000, 0x0000000712200000| Complete 

Card table byte_map: [0x0000017efd8d0000,0x0000017efe0c0000] _byte_map_base: 0x0000017efa0bd000

Marking Bits (Prev, Next): (CMBitMap*) 0x0000017ef4bd4cd0, (CMBitMap*) 0x0000017ef4bd4d10
 Prev Bits: [0x0000017e8f000000, 0x0000017e92f68000)
 Next Bits: [0x0000017e92f70000, 0x0000017e96ed8000)

Polling page: 0x0000017ef2b20000

Metaspace:

Usage:
  Non-class:      4.46 MB capacity,     1.23 MB ( 27%) used,     3.23 MB ( 72%) free+waste,     1.38 KB ( <1%) overhead. 
      Class:    461.00 KB capacity,   123.14 KB ( 27%) used,   337.11 KB ( 73%) free+waste,   768 bytes ( <1%) overhead. 
       Both:      4.91 MB capacity,     1.35 MB ( 27%) used,     3.56 MB ( 73%) free+waste,     2.13 KB ( <1%) overhead. 

Virtual space:
  Non-class space:        8.00 MB reserved,       4.50 MB ( 56%) committed 
      Class space:        1.00 GB reserved,     512.00 KB ( <1%) committed 
             Both:        1.01 GB reserved,       5.00 MB ( <1%) committed 

Chunk freelists:
   Non-Class:  38.00 KB
       Class:  19.00 KB
        Both:  57.00 KB

MaxMetaspaceSize: 17179869184.00 GB
CompressedClassSpaceSize: 1.00 GB

CodeHeap 'non-profiled nmethods': size=120000Kb used=146Kb max_used=146Kb free=119853Kb
 bounds [0x0000017e87ad0000, 0x0000017e87d40000, 0x0000017e8f000000]
CodeHeap 'profiled nmethods': size=120000Kb used=353Kb max_used=353Kb free=119646Kb
 bounds [0x0000017e805a0000, 0x0000017e80810000, 0x0000017e87ad0000]
CodeHeap 'non-nmethods': size=5760Kb used=1168Kb max_used=1201Kb free=4591Kb
 bounds [0x0000017e80000000, 0x0000017e80270000, 0x0000017e805a0000]
 total_blobs=734 nmethods=308 adapters=339
 compilation: enabled
              stopped_count=0, restarted_count=0
 full_count=0

Compilation events (20 events):
Event: 16.406 Thread 0x0000017effb52d00  298       4       java.util.concurrent.locks.ReentrantLock$FairSync::initialTryLock (70 bytes)
Event: 16.408 Thread 0x0000017effb52d00 nmethod 298 0x0000017e87af0f90 code [0x0000017e87af1100, 0x0000017e87af12d8]
Event: 16.414 Thread 0x0000017effb52d00  299       4       ca.mcgill.ecse211.project.Odometer::updateDeltaPosition (113 bytes)
Event: 16.416 Thread 0x0000017effb52d00 nmethod 299 0x0000017e87af1410 code [0x0000017e87af1600, 0x0000017e87af17d8]
Event: 16.472 Thread 0x0000017effb52d00  300   !   4       ca.mcgill.ecse211.project.Odometer::updateOdometerValues (104 bytes)
Event: 16.487 Thread 0x0000017effb52d00 nmethod 300 0x0000017e87af1a10 code [0x0000017e87af1c40, 0x0000017e87af2b18]
Event: 17.051 Thread 0x0000017effb52d00  301       4       com.cyberbotics.webots.controller.Motor::getTargetPosition (9 bytes)
Event: 17.051 Thread 0x0000017effb52d00 nmethod 301 0x0000017e87af3290 code [0x0000017e87af3420, 0x0000017e87af34a8]
Event: 17.208 Thread 0x0000017effb5ebc0  302       3       com.cyberbotics.webots.controller.Robot::step (10 bytes)
Event: 17.208 Thread 0x0000017effb5ebc0 nmethod 302 0x0000017e805f7090 code [0x0000017e805f7240, 0x0000017e805f7388]
Event: 18.203 Thread 0x0000017effb5ebc0  304   !   3       simlejos.ExecutionController::performPhysicsStep (60 bytes)
Event: 18.203 Thread 0x0000017effb5ebc0 nmethod 304 0x0000017e805f7410 code [0x0000017e805f7640, 0x0000017e805f7cc8]
Event: 22.222 Thread 0x0000017effb52d00  305       4       java.util.concurrent.locks.ReentrantLock::lock (8 bytes)
Event: 22.226 Thread 0x0000017effb52d00 nmethod 305 0x0000017e87af3a10 code [0x0000017e87af3ba0, 0x0000017e87af3f68]
Event: 22.579 Thread 0x0000017effb52d00  306       4       java.util.concurrent.locks.ReentrantLock::unlock (10 bytes)
Event: 22.584 Thread 0x0000017effb52d00 nmethod 306 0x0000017e87af4190 code [0x0000017e87af4320, 0x0000017e87af4528]
Event: 27.049 Thread 0x0000017effb5ebc0  307   !   3       java.util.concurrent.CyclicBarrier::await (17 bytes)
Event: 27.049 Thread 0x0000017effb5ebc0 nmethod 307 0x0000017e805f8010 code [0x0000017e805f81c0, 0x0000017e805f83d8]
Event: 27.357 Thread 0x0000017effb52d00  308   !   4       java.util.concurrent.CyclicBarrier::await (17 bytes)
Event: 27.358 Thread 0x0000017effb52d00 nmethod 308 0x0000017e87af4710 code [0x0000017e87af48a0, 0x0000017e87af4948]

GC Heap History (0 events):
No events

Deoptimization events (8 events):
Event: 0.044 Thread 0x0000017ef4b83db0 Uncommon trap: trap_request=0xffffff45 fr.pc=0x0000017e87ad404c relative=0x000000000000022c
Event: 0.044 Thread 0x0000017ef4b83db0 Uncommon trap: reason=unstable_if action=reinterpret pc=0x0000017e87ad404c method=java.lang.String.hashCode()I @ 13 c2
Event: 0.044 Thread 0x0000017ef4b83db0 DEOPT PACKING pc=0x0000017e87ad404c sp=0x0000006f891fe580
Event: 0.044 Thread 0x0000017ef4b83db0 DEOPT UNPACKING pc=0x0000017e8004e42f sp=0x0000006f891fe510 mode 2
Event: 27.036 Thread 0x0000017effd667d0 Uncommon trap: trap_request=0xffffff45 fr.pc=0x0000017e87ae79cc relative=0x0000000000001eec
Event: 27.036 Thread 0x0000017effd667d0 Uncommon trap: reason=unstable_if action=reinterpret pc=0x0000017e87ae79cc method=java.util.concurrent.locks.LockSupport.unpark(Ljava/lang/Thread;)V @ 1 c2
Event: 27.036 Thread 0x0000017effd667d0 DEOPT PACKING pc=0x0000017e87ae79cc sp=0x0000006f8a5fea30
Event: 27.036 Thread 0x0000017effd667d0 DEOPT UNPACKING pc=0x0000017e8004e42f sp=0x0000006f8a5fe758 mode 2

Classes unloaded (0 events):
No events

Classes redefined (0 events):
No events

Internal exceptions (3 events):
Event: 0.913 Thread 0x0000017ef4b83db0 Exception <a 'java/lang/NoSuchMethodError'{0x000000071201b470}: 'java.lang.Object java.lang.invoke.DirectMethodHandle$Holder.invokeStatic(java.lang.Object)'> (0x000000071201b470) 
thrown [./open/src/hotspot/share/interpreter/linkResolver.cpp, line 782]
Event: 0.913 Thread 0x0000017ef4b83db0 Exception <a 'java/lang/NoSuchMethodError'{0x000000071201ed80}: 'java.lang.Object java.lang.invoke.DirectMethodHandle$Holder.invokeStaticInit(java.lang.Object)'> (0x000000071201ed80) 
thrown [./open/src/hotspot/share/interpreter/linkResolver.cpp, line 782]
Event: 0.917 Thread 0x0000017ef4b83db0 Exception <a 'java/lang/NoSuchMethodError'{0x000000071202c1e8}: 'void java.lang.invoke.DirectMethodHandle$Holder.invokeStatic(java.lang.Object, java.lang.Object)'> (0x000000071202c1e8) 
thrown [./open/src/hotspot/share/interpreter/linkResolver.cpp, line 782]

Events (20 events):
Event: 13.633 loading class sun/nio/ch/SocketOptionRegistry
Event: 13.633 loading class sun/nio/ch/SocketOptionRegistry done
Event: 13.633 loading class sun/nio/ch/SocketOptionRegistry$RegistryKey
Event: 13.633 loading class sun/nio/ch/SocketOptionRegistry$RegistryKey done
Event: 13.633 loading class sun/nio/ch/SocketOptionRegistry$LazyInitialization
Event: 13.633 loading class sun/nio/ch/SocketOptionRegistry$LazyInitialization done
Event: 13.633 loading class sun/nio/ch/OptionKey
Event: 13.633 loading class sun/nio/ch/OptionKey done
Event: 13.633 loading class sun/nio/ch/ExtendedSocketOption
Event: 13.633 loading class sun/nio/ch/ExtendedSocketOption done
Event: 13.633 loading class sun/nio/ch/ExtendedSocketOption$1
Event: 13.633 loading class sun/nio/ch/ExtendedSocketOption$1 done
Event: 13.635 loading class java/lang/StrictMath
Event: 13.635 loading class java/lang/StrictMath done
Event: 13.635 loading class jdk/internal/math/FDBigInteger
Event: 13.635 loading class jdk/internal/math/FDBigInteger done
Event: 13.636 Thread 0x0000017effd65ef0 Thread added: 0x0000017effd65ef0
Event: 13.637 loading class java/util/concurrent/locks/AbstractQueuedSynchronizer$ExclusiveNode
Event: 13.637 loading class java/util/concurrent/locks/AbstractQueuedSynchronizer$ExclusiveNode done
Event: 13.637 Thread 0x0000017effd667d0 Thread added: 0x0000017effd667d0


Dynamic libraries:
0x00007ff7c0fa0000 - 0x00007ff7c0faf000 	C:\Program Files\Java\jdk-15.0.1\bin\javaw.exe
0x00007ffbf6620000 - 0x00007ffbf6810000 	C:\WINDOWS\SYSTEM32\ntdll.dll
0x00007ffbf6400000 - 0x00007ffbf64b2000 	C:\WINDOWS\System32\KERNEL32.DLL
0x00007ffbf4420000 - 0x00007ffbf46c5000 	C:\WINDOWS\System32\KERNELBASE.dll
0x00007ffbf3b60000 - 0x00007ffbf3c5a000 	C:\WINDOWS\System32\ucrtbase.dll
0x00007ffbd17d0000 - 0x00007ffbd17e8000 	C:\Program Files\Java\jdk-15.0.1\bin\jli.dll
0x00007ffbd17b0000 - 0x00007ffbd17c9000 	C:\Program Files\Java\jdk-15.0.1\bin\VCRUNTIME140.dll
0x00007ffbf4960000 - 0x00007ffbf4a03000 	C:\WINDOWS\System32\ADVAPI32.dll
0x00007ffbf52b0000 - 0x00007ffbf534e000 	C:\WINDOWS\System32\msvcrt.dll
0x00007ffbf47e0000 - 0x00007ffbf4877000 	C:\WINDOWS\System32\sechost.dll
0x00007ffbf64c0000 - 0x00007ffbf65e0000 	C:\WINDOWS\System32\RPCRT4.dll
0x00007ffbf4e80000 - 0x00007ffbf5014000 	C:\WINDOWS\System32\USER32.dll
0x00007ffbf3c60000 - 0x00007ffbf3c81000 	C:\WINDOWS\System32\win32u.dll
0x00007ffbf47b0000 - 0x00007ffbf47d6000 	C:\WINDOWS\System32\GDI32.dll
0x00007ffbf38a0000 - 0x00007ffbf3a36000 	C:\WINDOWS\System32\gdi32full.dll
0x00007ffbdaf60000 - 0x00007ffbdb1e4000 	C:\WINDOWS\WinSxS\amd64_microsoft.windows.common-controls_6595b64144ccf1df_6.0.18362.1198_none_9e820b57e45ad92f\COMCTL32.dll
0x00007ffbf3ac0000 - 0x00007ffbf3b5e000 	C:\WINDOWS\System32\msvcp_win.dll
0x00007ffbf58d0000 - 0x00007ffbf5c05000 	C:\WINDOWS\System32\combase.dll
0x00007ffbf3a40000 - 0x00007ffbf3ac0000 	C:\WINDOWS\System32\bcryptPrimitives.dll
0x00007ffbe2330000 - 0x00007ffbe233a000 	C:\WINDOWS\SYSTEM32\VERSION.dll
0x00007ffbf4930000 - 0x00007ffbf495e000 	C:\WINDOWS\System32\IMM32.DLL
0x00007ffbed890000 - 0x00007ffbed89c000 	C:\Program Files\Java\jdk-15.0.1\bin\vcruntime140_1.dll
0x00007ffbb7f00000 - 0x00007ffbb7f91000 	C:\Program Files\Java\jdk-15.0.1\bin\msvcp140.dll
0x00007ffb8dce0000 - 0x00007ffb8e83e000 	C:\Program Files\Java\jdk-15.0.1\bin\server\jvm.dll
0x00007ffbf58c0000 - 0x00007ffbf58c8000 	C:\WINDOWS\System32\PSAPI.DLL
0x00007ffbeb740000 - 0x00007ffbeb749000 	C:\WINDOWS\SYSTEM32\WSOCK32.dll
0x00007ffbebfc0000 - 0x00007ffbebfe4000 	C:\WINDOWS\SYSTEM32\WINMM.dll
0x00007ffbf5640000 - 0x00007ffbf56af000 	C:\WINDOWS\System32\WS2_32.dll
0x00007ffbebf90000 - 0x00007ffbebfbd000 	C:\WINDOWS\SYSTEM32\winmmbase.dll
0x00007ffbf3820000 - 0x00007ffbf386a000 	C:\WINDOWS\System32\cfgmgr32.dll
0x00007ffbf3500000 - 0x00007ffbf3511000 	C:\WINDOWS\System32\kernel.appcore.dll
0x00007ffbe8a90000 - 0x00007ffbe8a9a000 	C:\Program Files\Java\jdk-15.0.1\bin\jimage.dll
0x00007ffbeed70000 - 0x00007ffbeef64000 	C:\WINDOWS\SYSTEM32\DBGHELP.DLL
0x00007ffbd9640000 - 0x00007ffbd966a000 	C:\WINDOWS\SYSTEM32\dbgcore.DLL
0x00007ffbbc750000 - 0x00007ffbbc775000 	C:\Program Files\Java\jdk-15.0.1\bin\java.dll
0x00007ffbf5d00000 - 0x00007ffbf63e7000 	C:\WINDOWS\System32\SHELL32.dll
0x00007ffbf4880000 - 0x00007ffbf4929000 	C:\WINDOWS\System32\shcore.dll
0x00007ffbf3c90000 - 0x00007ffbf4411000 	C:\WINDOWS\System32\windows.storage.dll
0x00007ffbf3520000 - 0x00007ffbf3543000 	C:\WINDOWS\System32\profapi.dll
0x00007ffbf3550000 - 0x00007ffbf359a000 	C:\WINDOWS\System32\powrprof.dll
0x00007ffbf34d0000 - 0x00007ffbf34e0000 	C:\WINDOWS\System32\UMPDC.dll
0x00007ffbf5510000 - 0x00007ffbf5562000 	C:\WINDOWS\System32\shlwapi.dll
0x00007ffbf3800000 - 0x00007ffbf3817000 	C:\WINDOWS\System32\cryptsp.dll
0x00007ffbc2ee0000 - 0x00007ffbc2ef9000 	C:\Program Files\Java\jdk-15.0.1\bin\net.dll
0x00007ffbeac10000 - 0x00007ffbead00000 	C:\WINDOWS\SYSTEM32\WINHTTP.dll
0x00007ffbf2d20000 - 0x00007ffbf2d87000 	C:\WINDOWS\system32\mswsock.dll
0x00007ffbc23c0000 - 0x00007ffbc23d2000 	C:\Program Files\Java\jdk-15.0.1\bin\nio.dll
0x00007ffbc21e0000 - 0x00007ffbc21f8000 	C:\Program Files\Java\jdk-15.0.1\bin\zip.dll
0x000000006e780000 - 0x000000006e7c0000 	C:\Users\fahim\AppData\Local\Programs\Webots\lib\controller\java\JavaController.dll
0x000000006fc40000 - 0x000000006fdf1000 	C:\Users\fahim\AppData\Local\Programs\Webots\msys64\mingw64\bin\cpp\libstdc++-6.dll
0x0000000061440000 - 0x000000006145c000 	C:\Users\fahim\AppData\Local\Programs\Webots\msys64\mingw64\bin\cpp\libgcc_s_seh-1.dll
0x0000000064940000 - 0x0000000064956000 	C:\Users\fahim\AppData\Local\Programs\Webots\msys64\mingw64\bin\cpp\libwinpthread-1.dll
0x0000000064f40000 - 0x0000000064fac000 	C:\Users\fahim\AppData\Local\Programs\Webots\lib\controller\CppController.dll
0x000000006aa40000 - 0x000000006aac8000 	C:\Users\fahim\AppData\Local\Programs\Webots\lib\controller\Controller.dll
0x0000000063e00000 - 0x0000000063e1b000 	C:\Users\fahim\AppData\Local\Programs\Webots\RESOUR~1\projects\plugins\ROBOT_~1\generic\generic.dll

dbghelp: loaded successfully - version: 4.0.5 - missing functions: none
symbol engine: initialized successfully - sym options: 0x614 - pdb path: .;C:\Program Files\Java\jdk-15.0.1\bin;C:\WINDOWS\SYSTEM32;C:\WINDOWS\WinSxS\amd64_microsoft.windows.common-controls_6595b64144ccf1df_6.0.18362.1198_none_9e820b57e45ad92f;C:\Program Files\Java\jdk-15.0.1\bin\server;C:\Users\fahim\AppData\Local\Programs\Webots\lib\controller\java;C:\Users\fahim\AppData\Local\Programs\Webots\msys64\mingw64\bin\cpp;C:\Users\fahim\AppData\Local\Programs\Webots\lib\controller;C:\Users\fahim\AppData\Local\Programs\Webots\RESOUR~1\projects\plugins\ROBOT_~1\generic

VM Arguments:
jvm_args: -Djava.library.path=C:/Users/fahim/AppData/Local/Programs/Webots/lib/controller/java 
java_command: T04Controller
java_class_path (initial): C:/Users/fahim/AppData/Local/Programs/Webots/lib/controller/java/Controller.jar;C:/Users/fahim/Desktop/MCGILL~1/FALL_2~1/FINAL_~1/PROJEC~1/CONTRO~1/T04CON~1/;..\lib\simlejos.jar;..\lib\EV3WiFiClient.jar
Launcher Type: SUN_STANDARD

[Global flags]
     intx CICompilerCount                          = 4                                         {product} {ergonomic}
     uint ConcGCThreads                            = 2                                         {product} {ergonomic}
     uint G1ConcRefinementThreads                  = 8                                         {product} {ergonomic}
   size_t G1HeapRegionSize                         = 2097152                                   {product} {ergonomic}
    uintx GCDrainStackTargetSize                   = 64                                        {product} {ergonomic}
   size_t InitialHeapSize                          = 266338304                                 {product} {ergonomic}
   size_t MarkStackSize                            = 4194304                                   {product} {ergonomic}
   size_t MaxHeapSize                              = 4255121408                                {product} {ergonomic}
   size_t MaxNewSize                               = 2552233984                                {product} {ergonomic}
   size_t MinHeapDeltaBytes                        = 2097152                                   {product} {ergonomic}
   size_t MinHeapSize                              = 8388608                                   {product} {ergonomic}
    uintx NonNMethodCodeHeapSize                   = 5839372                                {pd product} {ergonomic}
    uintx NonProfiledCodeHeapSize                  = 122909434                              {pd product} {ergonomic}
    uintx ProfiledCodeHeapSize                     = 122909434                              {pd product} {ergonomic}
    uintx ReservedCodeCacheSize                    = 251658240                              {pd product} {ergonomic}
     bool SegmentedCodeCache                       = true                                      {product} {ergonomic}
   size_t SoftMaxHeapSize                          = 4255121408                             {manageable} {ergonomic}
     bool UseCompressedClassPointers               = true                                 {lp64_product} {ergonomic}
     bool UseCompressedOops                        = true                                 {lp64_product} {ergonomic}
     bool UseG1GC                                  = true                                      {product} {ergonomic}
     bool UseLargePagesIndividualAllocation        = false                                  {pd product} {ergonomic}

Logging:
Log output configuration:
 #0: stdout all=warning uptime,level,tags
 #1: stderr all=off uptime,level,tags

Environment Variables:
JAVA_HOME=C:\Program Files\AdoptOpenJDK\jdk-14.0.2.12-hotspot\
CLASSPATH=..\lib\simlejos.jar;..\lib\EV3WiFiClient.jar
PATH=C:\Users\fahim\AppData\Local\Programs\Webots\msys64\mingw64\bin\cpp;C:\Program Files\Common Files\Oracle\Java\javapath;C:\Program Files (x86)\Common Files\Oracle\Java\javapath;C:\Program Files\AdoptOpenJDK\jdk-14.0.2.12-hotspot\bin;C:\WINDOWS\system32;C:\WINDOWS;C:\WINDOWS\System32\Wbem;C:\WINDOWS\System32\WindowsPowerShell\v1.0\;C:\WINDOWS\System32\OpenSSH\;C:\Program Files\Intel\WiFi\bin\;C:\Program Files\Common Files\Intel\WirelessCommon\;C:\Program Files\MATLAB\R2019a\bin;C:\Program Files\Git\cmd;C:\Users\fahim\AppData\Local\Microsoft\WindowsApps;C:\Users\fahim\Documents\modelsim_ase\win32aloem;C:\Users\fahim\AppData\Local\GitHubDesktop\bin;C:\Users\fahim\AppData\Local\Programs\Webots\lib\controller
USERNAME=fahim
OS=Windows_NT
PROCESSOR_IDENTIFIER=Intel64 Family 6 Model 142 Stepping 10, GenuineIntel



---------------  S Y S T E M  ---------------

OS:
 Windows 10 , 64 bit Build 18362 (10.0.18362.1110)
OS uptime: 11 days 4:58 hours

CPU: total 8 (initial active 8) (4 cores per cpu, 2 threads per core) family 6 model 142 stepping 10 microcode 0x96, cmov, cx8, fxsr, mmx, sse, sse2, sse3, ssse3, sse4.1, sse4.2, popcnt, vzeroupper, avx, avx2, aes, clmul, erms, 3dnowpref, lzcnt, ht, tsc, tscinvbit, bmi1, bmi2, adx, fma, clflush, clflushopt

Memory: 4k page, system-wide physical 16226M (7559M free)
TotalPageFile size 18658M (AvailPageFile size 7195M)
current process WorkingSet (physical memory assigned to process): 41M, peak: 42M
current process commit charge ("private bytes"): 346M, peak: 352M

vm_info: Java HotSpot(TM) 64-Bit Server VM (15.0.1+9-18) for windows-amd64 JRE (15.0.1+9-18), built on Sep 15 2020 14:43:54 by "mach5one" with unknown MS VC++:1925

END.
