#
# A fatal error has been detected by the Java Runtime Environment:
#
#  EXCEPTION_ACCESS_VIOLATION (0xc0000005) at pc=0x000000006e7814a6, pid=29748, tid=29268
#
# JRE version: Java(TM) SE Runtime Environment (15.0.1+9) (build 15.0.1+9-18)
# Java VM: Java HotSpot(TM) 64-Bit Server VM (15.0.1+9-18, mixed mode, sharing, tiered, compressed oops, g1 gc, windows-amd64)
# Problematic frame:
# C  [JavaController.dll+0x14a6]
#
# No core dump will be written. Minidumps are not enabled by default on client versions of Windows
#
# If you would like to submit a bug report, please visit:
#   https://bugreport.java.com/bugreport/crash.jsp
# The crash happened outside the Java Virtual Machine in native code.
# See problematic frame for where to report the bug.
#

---------------  S U M M A R Y ------------

Command Line: -Djava.library.path=C:/Users/fahim/AppData/Local/Programs/Webots/lib/controller/java T04Controller

Host: Intel(R) Core(TM) i7-8550U CPU @ 1.80GHz, 8 cores, 15G,  Windows 10 , 64 bit Build 18362 (10.0.18362.1110)
Time: Sat Nov 28 17:02:32 2020 Eastern Standard Time elapsed time: 12.062407 seconds (0d 0h 0m 12s)

---------------  T H R E A D  ---------------

Current thread (0x0000027c088d4e30):  JavaThread "Thread-2" [_thread_in_native, id=29268, stack(0x000000d39d200000,0x000000d39d300000)]

Stack: [0x000000d39d200000,0x000000d39d300000],  sp=0x000000d39d2feca0,  free space=1019k
Native frames: (J=compiled Java code, j=interpreted, Vv=VM code, C=native code)
C  [JavaController.dll+0x14a6]

Java frames: (J=compiled Java code, j=interpreted, Vv=VM code)
j  com.cyberbotics.webots.controller.wrapperJNI.Camera_getImage(JLcom/cyberbotics/webots/controller/Camera;)[I+0
j  com.cyberbotics.webots.controller.Camera.getImage()[I+5
j  simlejos.hardware.sensor.EV3ColorSensor$RedMode.fetchSample([FI)V+17
j  simlejos.hardware.sensor.BaseSensor.fetchSample([FI)V+11
j  ca.mcgill.ecse211.project.LightLocalizer.localize()V+50
j  ca.mcgill.ecse211.project.Main.lambda$main$0()V+3
j  ca.mcgill.ecse211.project.Main$$Lambda$4+0x0000000800bbfc98.run()V+0
j  java.lang.Thread.run()V+11 java.base@15.0.1
v  ~StubRoutines::call_stub

siginfo: EXCEPTION_ACCESS_VIOLATION (0xc0000005), reading address 0x0000000000000000


Register to memory mapping:

RIP=0x000000006e7814a6 JavaController.dll
RAX=0x0 is NULL
RBX=0x0 is NULL
RCX=0x0000000000000001 is an unknown value
RDX=0xfffffd8b0966047c is an unknown value
RSP=0x000000d39d2feca0 is pointing into the stack for thread: 0x0000027c088d4e30
RBP=0x0000000000000001 is an unknown value
RSI=0x0000027c088d5158 points into unknown readable memory: 0x00007ffb8e6dde40 | 40 de 6d 8e fb 7f 00 00
RDI=0x0000027c0886a5e0 points into unknown readable memory: 0x0000000711f34c48 | 48 4c f3 11 07 00 00 00
R8 =0x0000027c088d47e0 points into unknown readable memory: 0x732f007400000000 | 00 00 00 00 74 00 2f 73
R9 =0x0000000711f34c58 is pointing into object: [I 
{0x0000000711f34c48} - klass: {type array int}
 - length: 1
R10=0x0 is NULL
R11=0xdbdcd6f960bbc962 is an unknown value
R12=0x0 is NULL
R13={method} {0x0000027c082fbf78} 'Camera_getImage' '(JLcom/cyberbotics/webots/controller/Camera;)[I' in 'com/cyberbotics/webots/controller/wrapperJNI'
R14=0x000000d39d2fedf8 is pointing into the stack for thread: 0x0000027c088d4e30
R15=0x0000027c088d4e30 is a thread


Registers:
RAX=0x0000000000000000, RBX=0x0000000000000000, RCX=0x0000000000000001, RDX=0xfffffd8b0966047c
RSP=0x000000d39d2feca0, RBP=0x0000000000000001, RSI=0x0000027c088d5158, RDI=0x0000027c0886a5e0
R8 =0x0000027c088d47e0, R9 =0x0000000711f34c58, R10=0x0000000000000000, R11=0xdbdcd6f960bbc962
R12=0x0000000000000000, R13=0x0000027c082fbf70, R14=0x000000d39d2fedf8, R15=0x0000027c088d4e30
RIP=0x000000006e7814a6, EFLAGS=0x0000000000010202

Top of Stack: (sp=0x000000d39d2feca0)
0x000000d39d2feca0:   0000000000000001 0000027c0886a5e0
0x000000d39d2fecb0:   0000000000000000 000000d39d2fedf8
0x000000d39d2fecc0:   0000027c625ed0f0 0000027c625ed0f0
0x000000d39d2fecd0:   0000027c088d5158 0000000000000000
0x000000d39d2fece0:   0000000000000001 000000006e7820a8
0x000000d39d2fecf0:   0000027c625ed0f0 0000027c088d4e30
0x000000d39d2fed00:   0000027c07fa94a8 0000027c6befefc0
0x000000d39d2fed10:   0000000000007800 0000027c082fbf70
0x000000d39d2fed20:   000000000000785b 0000027c07fa94a8
0x000000d39d2fed30:   000000d39d2fedc8 0000027c6beff177
0x000000d39d2fed40:   0000027c07fa94a8 0000027c6befee5c
0x000000d39d2fed50:   0000027c082fbf70 000000000000785b
0x000000d39d2fed60:   0000027c088d4e30 0000027c088d4e30
0x000000d39d2fed70:   0000027c083194e8 0000027c6befee16
0x000000d39d2fed80:   000000d39d2fed80 0000027c082fbf70
0x000000d39d2fed90:   000000d39d2fedf8 0000027c08310eb0 

Instructions: (pc=0x000000006e7814a6)
0x000000006e7813a6:   20 48 89 ce 4c 89 c7 48 8d 1d 4c ff 00 00 83 fa
0x000000006e7813b6:   01 74 0e 48 83 c3 10 8b 03 85 c0 74 04 39 d0 75
0x000000006e7813c6:   f2 48 8b 06 48 89 f1 ff 90 88 00 00 00 48 8b 53
0x000000006e7813d6:   08 48 8b 06 48 89 f1 ff 50 30 48 89 c2 48 85 c0
0x000000006e7813e6:   74 0d 48 8b 06 49 89 f8 48 89 f1 ff 50 70 90 48
0x000000006e7813f6:   83 c4 20 5b 5e 5f c3 55 57 56 53 48 83 ec 28 48
0x000000006e781406:   89 cf 48 89 d3 4c 89 c6 4c 89 cd 48 8b 01 4c 89
0x000000006e781416:   ca ff 90 58 05 00 00 85 c0 7e 16 89 c1 b8 00 00
0x000000006e781426:   00 00 8b 14 86 89 14 83 48 83 c0 01 48 39 c8 75
0x000000006e781436:   f1 48 8b 07 41 b9 00 00 00 00 49 89 d8 48 89 ea
0x000000006e781446:   48 89 f9 ff 90 18 06 00 00 90 48 83 c4 28 5b 5e
0x000000006e781456:   5f 5d c3 55 57 56 53 48 83 ec 28 48 89 ce 48 89
0x000000006e781466:   d3 44 89 c5 48 8b 01 44 89 c2 ff 90 98 05 00 00
0x000000006e781476:   48 89 c7 48 85 c0 74 4d 48 8b 06 41 b8 00 00 00
0x000000006e781486:   00 48 89 fa 48 89 f1 ff 90 d8 05 00 00 49 89 c0
0x000000006e781496:   48 85 c0 74 3c 85 ed 7e 17 89 e9 b8 00 00 00 00
0x000000006e7814a6:   8b 14 83 41 89 14 80 48 83 c0 01 48 39 c8 75 f0
0x000000006e7814b6:   48 8b 06 41 b9 00 00 00 00 48 89 fa 48 89 f1 ff
0x000000006e7814c6:   90 18 06 00 00 48 89 f8 48 83 c4 28 5b 5e 5f 5d
0x000000006e7814d6:   c3 48 89 c7 eb ef 55 57 56 53 48 83 ec 28 48 89
0x000000006e7814e6:   cf 48 89 d6 44 89 c3 48 8b 01 44 89 c2 ff 90 a8
0x000000006e7814f6:   05 00 00 48 89 c5 48 85 c0 74 51 48 8b 07 41 b8
0x000000006e781506:   00 00 00 00 48 89 ea 48 89 f9 ff 90 e8 05 00 00
0x000000006e781516:   49 89 c0 48 85 c0 74 40 85 db 7e 1b 89 da b8 00
0x000000006e781526:   00 00 00 f3 0f 10 04 86 f3 41 0f 11 04 80 48 83
0x000000006e781536:   c0 01 48 39 d0 75 ec 48 8b 07 41 b9 00 00 00 00
0x000000006e781546:   48 89 ea 48 89 f9 ff 90 28 06 00 00 48 89 e8 48
0x000000006e781556:   83 c4 28 5b 5e 5f 5d c3 48 89 c5 eb ef 55 57 56
0x000000006e781566:   53 48 83 ec 28 48 89 cf 48 89 d3 4c 89 c6 4c 89
0x000000006e781576:   cd 48 8b 01 4c 89 ca ff 90 58 05 00 00 85 c0 7e
0x000000006e781586:   1a 89 c2 b8 00 00 00 00 f2 0f 10 04 c6 f2 0f 11
0x000000006e781596:   04 c3 48 83 c0 01 48 39 d0 75 ed 48 8b 07 41 b9 


Stack slot to memory mapping:
stack at sp + 0 slots: 0x0000000000000001 is an unknown value
stack at sp + 1 slots: 0x0000027c0886a5e0 points into unknown readable memory: 0x0000000711f34c48 | 48 4c f3 11 07 00 00 00
stack at sp + 2 slots: 0x0 is NULL
stack at sp + 3 slots: 0x000000d39d2fedf8 is pointing into the stack for thread: 0x0000027c088d4e30
stack at sp + 4 slots: 0x0000027c625ed0f0 points into unknown readable memory: 0x0000000064f58c40 | 40 8c f5 64 00 00 00 00
stack at sp + 5 slots: 0x0000027c625ed0f0 points into unknown readable memory: 0x0000000064f58c40 | 40 8c f5 64 00 00 00 00
stack at sp + 6 slots: 0x0000027c088d5158 points into unknown readable memory: 0x00007ffb8e6dde40 | 40 de 6d 8e fb 7f 00 00
stack at sp + 7 slots: 0x0 is NULL


---------------  P R O C E S S  ---------------

Threads class SMR info:
_java_thread_list=0x0000027c08944e80, length=14, elements={
0x0000027c624c22e0, 0x0000027c7fc2dcc0, 0x0000027c7fc2e890, 0x0000027c086fa650,
0x0000027c086fd020, 0x0000027c086fddf0, 0x0000027c0870d5e0, 0x0000027c08731dc0,
0x0000027c08702170, 0x0000027c08857b90, 0x0000027c0887f2b0, 0x0000027c088c8130,
0x0000027c088d4960, 0x0000027c088d4e30
}

Java Threads: ( => current thread )
  0x0000027c624c22e0 JavaThread "main" [_thread_blocked, id=29464, stack(0x000000d39be00000,0x000000d39bf00000)]
  0x0000027c7fc2dcc0 JavaThread "Reference Handler" daemon [_thread_blocked, id=8848, stack(0x000000d39c500000,0x000000d39c600000)]
  0x0000027c7fc2e890 JavaThread "Finalizer" daemon [_thread_blocked, id=16820, stack(0x000000d39c600000,0x000000d39c700000)]
  0x0000027c086fa650 JavaThread "Signal Dispatcher" daemon [_thread_blocked, id=28952, stack(0x000000d39c700000,0x000000d39c800000)]
  0x0000027c086fd020 JavaThread "Attach Listener" daemon [_thread_blocked, id=27204, stack(0x000000d39c800000,0x000000d39c900000)]
  0x0000027c086fddf0 JavaThread "Service Thread" daemon [_thread_blocked, id=23976, stack(0x000000d39c900000,0x000000d39ca00000)]
  0x0000027c0870d5e0 JavaThread "C2 CompilerThread0" daemon [_thread_blocked, id=25484, stack(0x000000d39ca00000,0x000000d39cb00000)]
  0x0000027c08731dc0 JavaThread "C1 CompilerThread0" daemon [_thread_blocked, id=25860, stack(0x000000d39cb00000,0x000000d39cc00000)]
  0x0000027c08702170 JavaThread "Sweeper thread" daemon [_thread_blocked, id=17912, stack(0x000000d39cc00000,0x000000d39cd00000)]
  0x0000027c08857b90 JavaThread "Notification Thread" daemon [_thread_blocked, id=9208, stack(0x000000d39cd00000,0x000000d39ce00000)]
  0x0000027c0887f2b0 JavaThread "Common-Cleaner" daemon [_thread_blocked, id=12372, stack(0x000000d39cf00000,0x000000d39d000000)]
  0x0000027c088c8130 JavaThread "Thread-0" [_thread_in_native, id=12864, stack(0x000000d39d000000,0x000000d39d100000)]
  0x0000027c088d4960 JavaThread "Thread-1" [_thread_in_native, id=11052, stack(0x000000d39d100000,0x000000d39d200000)]
=>0x0000027c088d4e30 JavaThread "Thread-2" [_thread_in_native, id=29268, stack(0x000000d39d200000,0x000000d39d300000)]

Other Threads:
  0x0000027c7fc2c440 VMThread "VM Thread" [stack: 0x000000d39c400000,0x000000d39c500000] [id=26464]
  0x0000027c08868070 WatcherThread [stack: 0x000000d39ce00000,0x000000d39cf00000] [id=15316]
  0x0000027c625118b0 GCTaskThread "GC Thread#0" [stack: 0x000000d39bf00000,0x000000d39c000000] [id=30540]
  0x0000027c62525060 ConcurrentGCThread "G1 Main Marker" [stack: 0x000000d39c000000,0x000000d39c100000] [id=9240]
  0x0000027c62525c50 ConcurrentGCThread "G1 Conc#0" [stack: 0x000000d39c100000,0x000000d39c200000] [id=30524]
  0x0000027c6257ec60 ConcurrentGCThread "G1 Refine#0" [stack: 0x000000d39c200000,0x000000d39c300000] [id=17860]
  0x0000027c6257efd0 ConcurrentGCThread "G1 Young RemSet Sampling" [stack: 0x000000d39c300000,0x000000d39c400000] [id=30520]

Threads with active compile tasks:

VM state: not at safepoint (normal execution)

VM Mutex/Monitor currently owned by a thread: None

Heap address: 0x0000000702600000, size: 4058 MB, Compressed Oops mode: Zero based, Oop shift amount: 3
CDS archive(s) mapped at: [0x0000000800000000-0x0000000800b50000-0x0000000800b50000), size 11862016, SharedBaseAddress: 0x0000000800000000, ArchiveRelocationMode: 0.
Compressed class space mapped at: 0x0000000800b50000-0x0000000840b50000, size: 1073741824
Narrow klass base: 0x0000000800000000, Narrow klass shift: 3, Narrow klass range: 0x100000000

GC Precious Log:
 CPUs: 8 total, 8 available
 Memory: 16226M
 Large Page Support: Disabled
 NUMA Support: Disabled
 Compressed Oops: Enabled (Zero based)
 Heap Region Size: 2M
 Heap Min Capacity: 8M
 Heap Initial Capacity: 254M
 Heap Max Capacity: 4058M
 Pre-touch: Disabled
 Parallel Workers: 8
 Concurrent Workers: 2
 Concurrent Refinement Workers: 8
 Periodic GC: Disabled

Heap:
 garbage-first heap   total 260096K, used 6144K [0x0000000702600000, 0x0000000800000000)
  region size 2048K, 4 young (8192K), 0 survivors (0K)
 Metaspace       used 1387K, capacity 5031K, committed 5120K, reserved 1056768K
  class space    used 122K, capacity 461K, committed 512K, reserved 1048576K

Heap Regions: E=young(eden), S=young(survivor), O=old, HS=humongous(starts), HC=humongous(continues), CS=collection set, F=free, OA=open archive, CA=closed archive, TAMS=top-at-mark-start (previous, next)
|   0|0x0000000702600000, 0x0000000702600000, 0x0000000702800000|  0%| F|  |TAMS 0x0000000702600000, 0x0000000702600000| Untracked 
|   1|0x0000000702800000, 0x0000000702800000, 0x0000000702a00000|  0%| F|  |TAMS 0x0000000702800000, 0x0000000702800000| Untracked 
|   2|0x0000000702a00000, 0x0000000702a00000, 0x0000000702c00000|  0%| F|  |TAMS 0x0000000702a00000, 0x0000000702a00000| Untracked 
|   3|0x0000000702c00000, 0x0000000702c00000, 0x0000000702e00000|  0%| F|  |TAMS 0x0000000702c00000, 0x0000000702c00000| Untracked 
|   4|0x0000000702e00000, 0x0000000702e00000, 0x0000000703000000|  0%| F|  |TAMS 0x0000000702e00000, 0x0000000702e00000| Untracked 
|   5|0x0000000703000000, 0x0000000703000000, 0x0000000703200000|  0%| F|  |TAMS 0x0000000703000000, 0x0000000703000000| Untracked 
|   6|0x0000000703200000, 0x0000000703200000, 0x0000000703400000|  0%| F|  |TAMS 0x0000000703200000, 0x0000000703200000| Untracked 
|   7|0x0000000703400000, 0x0000000703400000, 0x0000000703600000|  0%| F|  |TAMS 0x0000000703400000, 0x0000000703400000| Untracked 
|   8|0x0000000703600000, 0x0000000703600000, 0x0000000703800000|  0%| F|  |TAMS 0x0000000703600000, 0x0000000703600000| Untracked 
|   9|0x0000000703800000, 0x0000000703800000, 0x0000000703a00000|  0%| F|  |TAMS 0x0000000703800000, 0x0000000703800000| Untracked 
|  10|0x0000000703a00000, 0x0000000703a00000, 0x0000000703c00000|  0%| F|  |TAMS 0x0000000703a00000, 0x0000000703a00000| Untracked 
|  11|0x0000000703c00000, 0x0000000703c00000, 0x0000000703e00000|  0%| F|  |TAMS 0x0000000703c00000, 0x0000000703c00000| Untracked 
|  12|0x0000000703e00000, 0x0000000703e00000, 0x0000000704000000|  0%| F|  |TAMS 0x0000000703e00000, 0x0000000703e00000| Untracked 
|  13|0x0000000704000000, 0x0000000704000000, 0x0000000704200000|  0%| F|  |TAMS 0x0000000704000000, 0x0000000704000000| Untracked 
|  14|0x0000000704200000, 0x0000000704200000, 0x0000000704400000|  0%| F|  |TAMS 0x0000000704200000, 0x0000000704200000| Untracked 
|  15|0x0000000704400000, 0x0000000704400000, 0x0000000704600000|  0%| F|  |TAMS 0x0000000704400000, 0x0000000704400000| Untracked 
|  16|0x0000000704600000, 0x0000000704600000, 0x0000000704800000|  0%| F|  |TAMS 0x0000000704600000, 0x0000000704600000| Untracked 
|  17|0x0000000704800000, 0x0000000704800000, 0x0000000704a00000|  0%| F|  |TAMS 0x0000000704800000, 0x0000000704800000| Untracked 
|  18|0x0000000704a00000, 0x0000000704a00000, 0x0000000704c00000|  0%| F|  |TAMS 0x0000000704a00000, 0x0000000704a00000| Untracked 
|  19|0x0000000704c00000, 0x0000000704c00000, 0x0000000704e00000|  0%| F|  |TAMS 0x0000000704c00000, 0x0000000704c00000| Untracked 
|  20|0x0000000704e00000, 0x0000000704e00000, 0x0000000705000000|  0%| F|  |TAMS 0x0000000704e00000, 0x0000000704e00000| Untracked 
|  21|0x0000000705000000, 0x0000000705000000, 0x0000000705200000|  0%| F|  |TAMS 0x0000000705000000, 0x0000000705000000| Untracked 
|  22|0x0000000705200000, 0x0000000705200000, 0x0000000705400000|  0%| F|  |TAMS 0x0000000705200000, 0x0000000705200000| Untracked 
|  23|0x0000000705400000, 0x0000000705400000, 0x0000000705600000|  0%| F|  |TAMS 0x0000000705400000, 0x0000000705400000| Untracked 
|  24|0x0000000705600000, 0x0000000705600000, 0x0000000705800000|  0%| F|  |TAMS 0x0000000705600000, 0x0000000705600000| Untracked 
|  25|0x0000000705800000, 0x0000000705800000, 0x0000000705a00000|  0%| F|  |TAMS 0x0000000705800000, 0x0000000705800000| Untracked 
|  26|0x0000000705a00000, 0x0000000705a00000, 0x0000000705c00000|  0%| F|  |TAMS 0x0000000705a00000, 0x0000000705a00000| Untracked 
|  27|0x0000000705c00000, 0x0000000705c00000, 0x0000000705e00000|  0%| F|  |TAMS 0x0000000705c00000, 0x0000000705c00000| Untracked 
|  28|0x0000000705e00000, 0x0000000705e00000, 0x0000000706000000|  0%| F|  |TAMS 0x0000000705e00000, 0x0000000705e00000| Untracked 
|  29|0x0000000706000000, 0x0000000706000000, 0x0000000706200000|  0%| F|  |TAMS 0x0000000706000000, 0x0000000706000000| Untracked 
|  30|0x0000000706200000, 0x0000000706200000, 0x0000000706400000|  0%| F|  |TAMS 0x0000000706200000, 0x0000000706200000| Untracked 
|  31|0x0000000706400000, 0x0000000706400000, 0x0000000706600000|  0%| F|  |TAMS 0x0000000706400000, 0x0000000706400000| Untracked 
|  32|0x0000000706600000, 0x0000000706600000, 0x0000000706800000|  0%| F|  |TAMS 0x0000000706600000, 0x0000000706600000| Untracked 
|  33|0x0000000706800000, 0x0000000706800000, 0x0000000706a00000|  0%| F|  |TAMS 0x0000000706800000, 0x0000000706800000| Untracked 
|  34|0x0000000706a00000, 0x0000000706a00000, 0x0000000706c00000|  0%| F|  |TAMS 0x0000000706a00000, 0x0000000706a00000| Untracked 
|  35|0x0000000706c00000, 0x0000000706c00000, 0x0000000706e00000|  0%| F|  |TAMS 0x0000000706c00000, 0x0000000706c00000| Untracked 
|  36|0x0000000706e00000, 0x0000000706e00000, 0x0000000707000000|  0%| F|  |TAMS 0x0000000706e00000, 0x0000000706e00000| Untracked 
|  37|0x0000000707000000, 0x0000000707000000, 0x0000000707200000|  0%| F|  |TAMS 0x0000000707000000, 0x0000000707000000| Untracked 
|  38|0x0000000707200000, 0x0000000707200000, 0x0000000707400000|  0%| F|  |TAMS 0x0000000707200000, 0x0000000707200000| Untracked 
|  39|0x0000000707400000, 0x0000000707400000, 0x0000000707600000|  0%| F|  |TAMS 0x0000000707400000, 0x0000000707400000| Untracked 
|  40|0x0000000707600000, 0x0000000707600000, 0x0000000707800000|  0%| F|  |TAMS 0x0000000707600000, 0x0000000707600000| Untracked 
|  41|0x0000000707800000, 0x0000000707800000, 0x0000000707a00000|  0%| F|  |TAMS 0x0000000707800000, 0x0000000707800000| Untracked 
|  42|0x0000000707a00000, 0x0000000707a00000, 0x0000000707c00000|  0%| F|  |TAMS 0x0000000707a00000, 0x0000000707a00000| Untracked 
|  43|0x0000000707c00000, 0x0000000707c00000, 0x0000000707e00000|  0%| F|  |TAMS 0x0000000707c00000, 0x0000000707c00000| Untracked 
|  44|0x0000000707e00000, 0x0000000707e00000, 0x0000000708000000|  0%| F|  |TAMS 0x0000000707e00000, 0x0000000707e00000| Untracked 
|  45|0x0000000708000000, 0x0000000708000000, 0x0000000708200000|  0%| F|  |TAMS 0x0000000708000000, 0x0000000708000000| Untracked 
|  46|0x0000000708200000, 0x0000000708200000, 0x0000000708400000|  0%| F|  |TAMS 0x0000000708200000, 0x0000000708200000| Untracked 
|  47|0x0000000708400000, 0x0000000708400000, 0x0000000708600000|  0%| F|  |TAMS 0x0000000708400000, 0x0000000708400000| Untracked 
|  48|0x0000000708600000, 0x0000000708600000, 0x0000000708800000|  0%| F|  |TAMS 0x0000000708600000, 0x0000000708600000| Untracked 
|  49|0x0000000708800000, 0x0000000708800000, 0x0000000708a00000|  0%| F|  |TAMS 0x0000000708800000, 0x0000000708800000| Untracked 
|  50|0x0000000708a00000, 0x0000000708a00000, 0x0000000708c00000|  0%| F|  |TAMS 0x0000000708a00000, 0x0000000708a00000| Untracked 
|  51|0x0000000708c00000, 0x0000000708c00000, 0x0000000708e00000|  0%| F|  |TAMS 0x0000000708c00000, 0x0000000708c00000| Untracked 
|  52|0x0000000708e00000, 0x0000000708e00000, 0x0000000709000000|  0%| F|  |TAMS 0x0000000708e00000, 0x0000000708e00000| Untracked 
|  53|0x0000000709000000, 0x0000000709000000, 0x0000000709200000|  0%| F|  |TAMS 0x0000000709000000, 0x0000000709000000| Untracked 
|  54|0x0000000709200000, 0x0000000709200000, 0x0000000709400000|  0%| F|  |TAMS 0x0000000709200000, 0x0000000709200000| Untracked 
|  55|0x0000000709400000, 0x0000000709400000, 0x0000000709600000|  0%| F|  |TAMS 0x0000000709400000, 0x0000000709400000| Untracked 
|  56|0x0000000709600000, 0x0000000709600000, 0x0000000709800000|  0%| F|  |TAMS 0x0000000709600000, 0x0000000709600000| Untracked 
|  57|0x0000000709800000, 0x0000000709800000, 0x0000000709a00000|  0%| F|  |TAMS 0x0000000709800000, 0x0000000709800000| Untracked 
|  58|0x0000000709a00000, 0x0000000709a00000, 0x0000000709c00000|  0%| F|  |TAMS 0x0000000709a00000, 0x0000000709a00000| Untracked 
|  59|0x0000000709c00000, 0x0000000709c00000, 0x0000000709e00000|  0%| F|  |TAMS 0x0000000709c00000, 0x0000000709c00000| Untracked 
|  60|0x0000000709e00000, 0x0000000709e00000, 0x000000070a000000|  0%| F|  |TAMS 0x0000000709e00000, 0x0000000709e00000| Untracked 
|  61|0x000000070a000000, 0x000000070a000000, 0x000000070a200000|  0%| F|  |TAMS 0x000000070a000000, 0x000000070a000000| Untracked 
|  62|0x000000070a200000, 0x000000070a200000, 0x000000070a400000|  0%| F|  |TAMS 0x000000070a200000, 0x000000070a200000| Untracked 
|  63|0x000000070a400000, 0x000000070a400000, 0x000000070a600000|  0%| F|  |TAMS 0x000000070a400000, 0x000000070a400000| Untracked 
|  64|0x000000070a600000, 0x000000070a600000, 0x000000070a800000|  0%| F|  |TAMS 0x000000070a600000, 0x000000070a600000| Untracked 
|  65|0x000000070a800000, 0x000000070a800000, 0x000000070aa00000|  0%| F|  |TAMS 0x000000070a800000, 0x000000070a800000| Untracked 
|  66|0x000000070aa00000, 0x000000070aa00000, 0x000000070ac00000|  0%| F|  |TAMS 0x000000070aa00000, 0x000000070aa00000| Untracked 
|  67|0x000000070ac00000, 0x000000070ac00000, 0x000000070ae00000|  0%| F|  |TAMS 0x000000070ac00000, 0x000000070ac00000| Untracked 
|  68|0x000000070ae00000, 0x000000070ae00000, 0x000000070b000000|  0%| F|  |TAMS 0x000000070ae00000, 0x000000070ae00000| Untracked 
|  69|0x000000070b000000, 0x000000070b000000, 0x000000070b200000|  0%| F|  |TAMS 0x000000070b000000, 0x000000070b000000| Untracked 
|  70|0x000000070b200000, 0x000000070b200000, 0x000000070b400000|  0%| F|  |TAMS 0x000000070b200000, 0x000000070b200000| Untracked 
|  71|0x000000070b400000, 0x000000070b400000, 0x000000070b600000|  0%| F|  |TAMS 0x000000070b400000, 0x000000070b400000| Untracked 
|  72|0x000000070b600000, 0x000000070b600000, 0x000000070b800000|  0%| F|  |TAMS 0x000000070b600000, 0x000000070b600000| Untracked 
|  73|0x000000070b800000, 0x000000070b800000, 0x000000070ba00000|  0%| F|  |TAMS 0x000000070b800000, 0x000000070b800000| Untracked 
|  74|0x000000070ba00000, 0x000000070ba00000, 0x000000070bc00000|  0%| F|  |TAMS 0x000000070ba00000, 0x000000070ba00000| Untracked 
|  75|0x000000070bc00000, 0x000000070bc00000, 0x000000070be00000|  0%| F|  |TAMS 0x000000070bc00000, 0x000000070bc00000| Untracked 
|  76|0x000000070be00000, 0x000000070be00000, 0x000000070c000000|  0%| F|  |TAMS 0x000000070be00000, 0x000000070be00000| Untracked 
|  77|0x000000070c000000, 0x000000070c000000, 0x000000070c200000|  0%| F|  |TAMS 0x000000070c000000, 0x000000070c000000| Untracked 
|  78|0x000000070c200000, 0x000000070c200000, 0x000000070c400000|  0%| F|  |TAMS 0x000000070c200000, 0x000000070c200000| Untracked 
|  79|0x000000070c400000, 0x000000070c400000, 0x000000070c600000|  0%| F|  |TAMS 0x000000070c400000, 0x000000070c400000| Untracked 
|  80|0x000000070c600000, 0x000000070c600000, 0x000000070c800000|  0%| F|  |TAMS 0x000000070c600000, 0x000000070c600000| Untracked 
|  81|0x000000070c800000, 0x000000070c800000, 0x000000070ca00000|  0%| F|  |TAMS 0x000000070c800000, 0x000000070c800000| Untracked 
|  82|0x000000070ca00000, 0x000000070ca00000, 0x000000070cc00000|  0%| F|  |TAMS 0x000000070ca00000, 0x000000070ca00000| Untracked 
|  83|0x000000070cc00000, 0x000000070cc00000, 0x000000070ce00000|  0%| F|  |TAMS 0x000000070cc00000, 0x000000070cc00000| Untracked 
|  84|0x000000070ce00000, 0x000000070ce00000, 0x000000070d000000|  0%| F|  |TAMS 0x000000070ce00000, 0x000000070ce00000| Untracked 
|  85|0x000000070d000000, 0x000000070d000000, 0x000000070d200000|  0%| F|  |TAMS 0x000000070d000000, 0x000000070d000000| Untracked 
|  86|0x000000070d200000, 0x000000070d200000, 0x000000070d400000|  0%| F|  |TAMS 0x000000070d200000, 0x000000070d200000| Untracked 
|  87|0x000000070d400000, 0x000000070d400000, 0x000000070d600000|  0%| F|  |TAMS 0x000000070d400000, 0x000000070d400000| Untracked 
|  88|0x000000070d600000, 0x000000070d600000, 0x000000070d800000|  0%| F|  |TAMS 0x000000070d600000, 0x000000070d600000| Untracked 
|  89|0x000000070d800000, 0x000000070d800000, 0x000000070da00000|  0%| F|  |TAMS 0x000000070d800000, 0x000000070d800000| Untracked 
|  90|0x000000070da00000, 0x000000070da00000, 0x000000070dc00000|  0%| F|  |TAMS 0x000000070da00000, 0x000000070da00000| Untracked 
|  91|0x000000070dc00000, 0x000000070dc00000, 0x000000070de00000|  0%| F|  |TAMS 0x000000070dc00000, 0x000000070dc00000| Untracked 
|  92|0x000000070de00000, 0x000000070de00000, 0x000000070e000000|  0%| F|  |TAMS 0x000000070de00000, 0x000000070de00000| Untracked 
|  93|0x000000070e000000, 0x000000070e000000, 0x000000070e200000|  0%| F|  |TAMS 0x000000070e000000, 0x000000070e000000| Untracked 
|  94|0x000000070e200000, 0x000000070e200000, 0x000000070e400000|  0%| F|  |TAMS 0x000000070e200000, 0x000000070e200000| Untracked 
|  95|0x000000070e400000, 0x000000070e400000, 0x000000070e600000|  0%| F|  |TAMS 0x000000070e400000, 0x000000070e400000| Untracked 
|  96|0x000000070e600000, 0x000000070e600000, 0x000000070e800000|  0%| F|  |TAMS 0x000000070e600000, 0x000000070e600000| Untracked 
|  97|0x000000070e800000, 0x000000070e800000, 0x000000070ea00000|  0%| F|  |TAMS 0x000000070e800000, 0x000000070e800000| Untracked 
|  98|0x000000070ea00000, 0x000000070ea00000, 0x000000070ec00000|  0%| F|  |TAMS 0x000000070ea00000, 0x000000070ea00000| Untracked 
|  99|0x000000070ec00000, 0x000000070ec00000, 0x000000070ee00000|  0%| F|  |TAMS 0x000000070ec00000, 0x000000070ec00000| Untracked 
| 100|0x000000070ee00000, 0x000000070ee00000, 0x000000070f000000|  0%| F|  |TAMS 0x000000070ee00000, 0x000000070ee00000| Untracked 
| 101|0x000000070f000000, 0x000000070f000000, 0x000000070f200000|  0%| F|  |TAMS 0x000000070f000000, 0x000000070f000000| Untracked 
| 102|0x000000070f200000, 0x000000070f200000, 0x000000070f400000|  0%| F|  |TAMS 0x000000070f200000, 0x000000070f200000| Untracked 
| 103|0x000000070f400000, 0x000000070f400000, 0x000000070f600000|  0%| F|  |TAMS 0x000000070f400000, 0x000000070f400000| Untracked 
| 104|0x000000070f600000, 0x000000070f600000, 0x000000070f800000|  0%| F|  |TAMS 0x000000070f600000, 0x000000070f600000| Untracked 
| 105|0x000000070f800000, 0x000000070f800000, 0x000000070fa00000|  0%| F|  |TAMS 0x000000070f800000, 0x000000070f800000| Untracked 
| 106|0x000000070fa00000, 0x000000070fa00000, 0x000000070fc00000|  0%| F|  |TAMS 0x000000070fa00000, 0x000000070fa00000| Untracked 
| 107|0x000000070fc00000, 0x000000070fc00000, 0x000000070fe00000|  0%| F|  |TAMS 0x000000070fc00000, 0x000000070fc00000| Untracked 
| 108|0x000000070fe00000, 0x000000070fe00000, 0x0000000710000000|  0%| F|  |TAMS 0x000000070fe00000, 0x000000070fe00000| Untracked 
| 109|0x0000000710000000, 0x0000000710000000, 0x0000000710200000|  0%| F|  |TAMS 0x0000000710000000, 0x0000000710000000| Untracked 
| 110|0x0000000710200000, 0x0000000710200000, 0x0000000710400000|  0%| F|  |TAMS 0x0000000710200000, 0x0000000710200000| Untracked 
| 111|0x0000000710400000, 0x0000000710400000, 0x0000000710600000|  0%| F|  |TAMS 0x0000000710400000, 0x0000000710400000| Untracked 
| 112|0x0000000710600000, 0x0000000710600000, 0x0000000710800000|  0%| F|  |TAMS 0x0000000710600000, 0x0000000710600000| Untracked 
| 113|0x0000000710800000, 0x0000000710800000, 0x0000000710a00000|  0%| F|  |TAMS 0x0000000710800000, 0x0000000710800000| Untracked 
| 114|0x0000000710a00000, 0x0000000710a00000, 0x0000000710c00000|  0%| F|  |TAMS 0x0000000710a00000, 0x0000000710a00000| Untracked 
| 115|0x0000000710c00000, 0x0000000710c00000, 0x0000000710e00000|  0%| F|  |TAMS 0x0000000710c00000, 0x0000000710c00000| Untracked 
| 116|0x0000000710e00000, 0x0000000710e00000, 0x0000000711000000|  0%| F|  |TAMS 0x0000000710e00000, 0x0000000710e00000| Untracked 
| 117|0x0000000711000000, 0x0000000711000000, 0x0000000711200000|  0%| F|  |TAMS 0x0000000711000000, 0x0000000711000000| Untracked 
| 118|0x0000000711200000, 0x0000000711200000, 0x0000000711400000|  0%| F|  |TAMS 0x0000000711200000, 0x0000000711200000| Untracked 
| 119|0x0000000711400000, 0x0000000711400000, 0x0000000711600000|  0%| F|  |TAMS 0x0000000711400000, 0x0000000711400000| Untracked 
| 120|0x0000000711600000, 0x0000000711600000, 0x0000000711800000|  0%| F|  |TAMS 0x0000000711600000, 0x0000000711600000| Untracked 
| 121|0x0000000711800000, 0x0000000711800000, 0x0000000711a00000|  0%| F|  |TAMS 0x0000000711800000, 0x0000000711800000| Untracked 
| 122|0x0000000711a00000, 0x0000000711a00000, 0x0000000711c00000|  0%| F|  |TAMS 0x0000000711a00000, 0x0000000711a00000| Untracked 
| 123|0x0000000711c00000, 0x0000000711c71248, 0x0000000711e00000| 22%| E|  |TAMS 0x0000000711c00000, 0x0000000711c00000| Complete 
| 124|0x0000000711e00000, 0x0000000712000000, 0x0000000712000000|100%| E|CS|TAMS 0x0000000711e00000, 0x0000000711e00000| Complete 
| 125|0x0000000712000000, 0x0000000712200000, 0x0000000712200000|100%| E|CS|TAMS 0x0000000712000000, 0x0000000712000000| Complete 
| 126|0x0000000712200000, 0x0000000712400000, 0x0000000712400000|100%| E|CS|TAMS 0x0000000712200000, 0x0000000712200000| Complete 

Card table byte_map: [0x0000027c7c140000,0x0000027c7c930000] _byte_map_base: 0x0000027c7892d000

Marking Bits (Prev, Next): (CMBitMap*) 0x0000027c62513140, (CMBitMap*) 0x0000027c62513180
 Prev Bits: [0x0000027c00000000, 0x0000027c03f68000)
 Next Bits: [0x0000027c03f70000, 0x0000027c07ed8000)

Polling page: 0x0000027c62590000

Metaspace:

Usage:
  Non-class:      4.46 MB capacity,     1.23 MB ( 28%) used,     3.23 MB ( 72%) free+waste,     1.38 KB ( <1%) overhead. 
      Class:    461.00 KB capacity,   122.64 KB ( 27%) used,   337.61 KB ( 73%) free+waste,   768 bytes ( <1%) overhead. 
       Both:      4.91 MB capacity,     1.35 MB ( 28%) used,     3.56 MB ( 72%) free+waste,     2.13 KB ( <1%) overhead. 

Virtual space:
  Non-class space:        8.00 MB reserved,       4.50 MB ( 56%) committed 
      Class space:        1.00 GB reserved,     512.00 KB ( <1%) committed 
             Both:        1.01 GB reserved,       5.00 MB ( <1%) committed 

Chunk freelists:
   Non-Class:  38.00 KB
       Class:  19.00 KB
        Both:  57.00 KB

MaxMetaspaceSize: 17179869184.00 GB
CompressedClassSpaceSize: 1.00 GB

CodeHeap 'non-profiled nmethods': size=120000Kb used=166Kb max_used=166Kb free=119834Kb
 bounds [0x0000027c739c0000, 0x0000027c73c30000, 0x0000027c7aef0000]
CodeHeap 'profiled nmethods': size=120000Kb used=400Kb max_used=400Kb free=119599Kb
 bounds [0x0000027c6c490000, 0x0000027c6c700000, 0x0000027c739c0000]
CodeHeap 'non-nmethods': size=5760Kb used=1168Kb max_used=1201Kb free=4591Kb
 bounds [0x0000027c6bef0000, 0x0000027c6c160000, 0x0000027c6c490000]
 total_blobs=756 nmethods=330 adapters=339
 compilation: enabled
              stopped_count=0, restarted_count=0
 full_count=0

Compilation events (20 events):
Event: 5.884 Thread 0x0000027c0870d5e0  320       4       java.util.concurrent.locks.AbstractQueuedSynchronizer$ConditionObject::enableWait (84 bytes)
Event: 5.900 Thread 0x0000027c0870d5e0 nmethod 320 0x0000027c739e3510 code [0x0000027c739e36c0, 0x0000027c739e3d88]
Event: 5.995 Thread 0x0000027c0870d5e0  321   !   4       java.util.concurrent.CyclicBarrier::dowait (251 bytes)
Event: 6.056 Thread 0x0000027c0870d5e0 nmethod 321 0x0000027c739e4090 code [0x0000027c739e42e0, 0x0000027c739e55e0]
Event: 6.390 Thread 0x0000027c0870d5e0  322   !   4       simlejos.robotics.RegulatedMotor::getSensorValue (80 bytes)
Event: 6.407 Thread 0x0000027c0870d5e0 nmethod 322 0x0000027c739e6110 code [0x0000027c739e6300, 0x0000027c739e6a30]
Event: 6.407 Thread 0x0000027c0870d5e0  323       4       com.cyberbotics.webots.controller.Motor::getTargetPosition (9 bytes)
Event: 6.408 Thread 0x0000027c0870d5e0 nmethod 323 0x0000027c739e6f90 code [0x0000027c739e7120, 0x0000027c739e71a8]
Event: 6.458 Thread 0x0000027c0870d5e0  324   !   4       ca.mcgill.ecse211.project.Odometer::updateOdometerValues (104 bytes)
Event: 6.502 Thread 0x0000027c0870d5e0 nmethod 324 0x0000027c739e7290 code [0x0000027c739e74c0, 0x0000027c739e8378]
Event: 6.898 Thread 0x0000027c08731dc0  325       3       com.cyberbotics.webots.controller.Robot::step (10 bytes)
Event: 6.899 Thread 0x0000027c08731dc0 nmethod 325 0x0000027c6c4f1a90 code [0x0000027c6c4f1c40, 0x0000027c6c4f1d88]
Event: 6.954 Thread 0x0000027c0870d5e0  327       4       ca.mcgill.ecse211.project.Odometer::updateDeltaPosition (113 bytes)
Event: 6.956 Thread 0x0000027c0870d5e0 nmethod 327 0x0000027c739e8f10 code [0x0000027c739e9100, 0x0000027c739e92d8]
Event: 7.917 Thread 0x0000027c08731dc0  328   !   3       simlejos.ExecutionController::performPhysicsStep (60 bytes)
Event: 7.918 Thread 0x0000027c08731dc0 nmethod 328 0x0000027c6c4f1e10 code [0x0000027c6c4f2040, 0x0000027c6c4f26c8]
Event: 11.390 Thread 0x0000027c08731dc0  329   !   3       ca.mcgill.ecse211.project.Odometer::updateOdometerValues (104 bytes)
Event: 11.392 Thread 0x0000027c08731dc0 nmethod 329 0x0000027c6c4f2a10 code [0x0000027c6c4f2d20, 0x0000027c6c4f3bc8]
Event: 11.838 Thread 0x0000027c0870d5e0  330       4       java.util.concurrent.locks.AbstractQueuedSynchronizer::hasQueuedThreads (38 bytes)
Event: 11.839 Thread 0x0000027c0870d5e0 nmethod 330 0x0000027c739e9510 code [0x0000027c739e9680, 0x0000027c739e96f8]

GC Heap History (0 events):
No events

Deoptimization events (16 events):
Event: 0.112 Thread 0x0000027c624c22e0 Uncommon trap: trap_request=0xffffff45 fr.pc=0x0000027c739c4548 relative=0x0000000000000228
Event: 0.112 Thread 0x0000027c624c22e0 Uncommon trap: reason=unstable_if action=reinterpret pc=0x0000027c739c4548 method=java.lang.String.hashCode()I @ 13 c2
Event: 0.112 Thread 0x0000027c624c22e0 DEOPT PACKING pc=0x0000027c739c4548 sp=0x000000d39befde60
Event: 0.113 Thread 0x0000027c624c22e0 DEOPT UNPACKING pc=0x0000027c6bf3e42f sp=0x000000d39befddf0 mode 2
Event: 4.487 Thread 0x0000027c088c8130 Uncommon trap: trap_request=0xffffff45 fr.pc=0x0000027c739d82ac relative=0x0000000000001ecc
Event: 4.487 Thread 0x0000027c088c8130 Uncommon trap: reason=unstable_if action=reinterpret pc=0x0000027c739d82ac method=jdk.internal.misc.Unsafe.getAndBitwiseAndInt(Ljava/lang/Object;JI)I @ 21 c2
Event: 4.487 Thread 0x0000027c088c8130 DEOPT PACKING pc=0x0000027c739d82ac sp=0x000000d39d0fefb0
Event: 4.487 Thread 0x0000027c088c8130 DEOPT UNPACKING pc=0x0000027c6bf3e42f sp=0x000000d39d0fece8 mode 2
Event: 5.645 Thread 0x0000027c088d4e30 Uncommon trap: trap_request=0xffffff45 fr.pc=0x0000027c739dbdd0 relative=0x0000000000001ff0
Event: 5.645 Thread 0x0000027c088d4e30 Uncommon trap: reason=unstable_if action=reinterpret pc=0x0000027c739dbdd0 method=jdk.internal.misc.Unsafe.getAndBitwiseAndInt(Ljava/lang/Object;JI)I @ 21 c2
Event: 5.645 Thread 0x0000027c088d4e30 DEOPT PACKING pc=0x0000027c739dbdd0 sp=0x000000d39d2fed10
Event: 5.646 Thread 0x0000027c088d4e30 DEOPT UNPACKING pc=0x0000027c6bf3e42f sp=0x000000d39d2feab0 mode 2
Event: 11.359 Thread 0x0000027c088d4960 Uncommon trap: trap_request=0xffffff45 fr.pc=0x0000027c739e8240 relative=0x0000000000000d80
Event: 11.359 Thread 0x0000027c088d4960 Uncommon trap: reason=unstable_if action=reinterpret pc=0x0000027c739e8240 method=java.util.concurrent.locks.ReentrantLock$FairSync.initialTryLock()Z @ 10 c2
Event: 11.359 Thread 0x0000027c088d4960 DEOPT PACKING pc=0x0000027c739e8240 sp=0x000000d39d1fecc0
Event: 11.359 Thread 0x0000027c088d4960 DEOPT UNPACKING pc=0x0000027c6bf3e42f sp=0x000000d39d1feb88 mode 2

Classes unloaded (0 events):
No events

Classes redefined (0 events):
No events

Internal exceptions (3 events):
Event: 1.091 Thread 0x0000027c624c22e0 Exception <a 'java/lang/NoSuchMethodError'{0x000000071201c2b0}: 'java.lang.Object java.lang.invoke.DirectMethodHandle$Holder.invokeStatic(java.lang.Object)'> (0x000000071201c2b0) 
thrown [./open/src/hotspot/share/interpreter/linkResolver.cpp, line 782]
Event: 1.092 Thread 0x0000027c624c22e0 Exception <a 'java/lang/NoSuchMethodError'{0x000000071201fbc0}: 'java.lang.Object java.lang.invoke.DirectMethodHandle$Holder.invokeStaticInit(java.lang.Object)'> (0x000000071201fbc0) 
thrown [./open/src/hotspot/share/interpreter/linkResolver.cpp, line 782]
Event: 1.103 Thread 0x0000027c624c22e0 Exception <a 'java/lang/NoSuchMethodError'{0x000000071202d028}: 'void java.lang.invoke.DirectMethodHandle$Holder.invokeStatic(java.lang.Object, java.lang.Object)'> (0x000000071202d028) 
thrown [./open/src/hotspot/share/interpreter/linkResolver.cpp, line 782]

Events (20 events):
Event: 3.386 loading class sun/nio/ch/SocketOptionRegistry
Event: 3.386 loading class sun/nio/ch/SocketOptionRegistry done
Event: 3.386 loading class sun/nio/ch/SocketOptionRegistry$RegistryKey
Event: 3.386 loading class sun/nio/ch/SocketOptionRegistry$RegistryKey done
Event: 3.386 loading class sun/nio/ch/SocketOptionRegistry$LazyInitialization
Event: 3.386 loading class sun/nio/ch/SocketOptionRegistry$LazyInitialization done
Event: 3.386 loading class sun/nio/ch/OptionKey
Event: 3.386 loading class sun/nio/ch/OptionKey done
Event: 3.386 loading class sun/nio/ch/ExtendedSocketOption
Event: 3.386 loading class sun/nio/ch/ExtendedSocketOption done
Event: 3.386 loading class sun/nio/ch/ExtendedSocketOption$1
Event: 3.386 loading class sun/nio/ch/ExtendedSocketOption$1 done
Event: 3.389 loading class java/lang/StrictMath
Event: 3.389 loading class java/lang/StrictMath done
Event: 3.390 loading class jdk/internal/math/FDBigInteger
Event: 3.390 loading class jdk/internal/math/FDBigInteger done
Event: 3.393 Thread 0x0000027c088d4960 Thread added: 0x0000027c088d4960
Event: 3.394 Thread 0x0000027c088d4e30 Thread added: 0x0000027c088d4e30
Event: 3.395 loading class java/util/concurrent/locks/AbstractQueuedSynchronizer$ExclusiveNode
Event: 3.395 loading class java/util/concurrent/locks/AbstractQueuedSynchronizer$ExclusiveNode done


Dynamic libraries:
0x00007ff7c0fa0000 - 0x00007ff7c0faf000 	C:\Program Files\Java\jdk-15.0.1\bin\javaw.exe
0x00007ffbf6620000 - 0x00007ffbf6810000 	C:\WINDOWS\SYSTEM32\ntdll.dll
0x00007ffbf6400000 - 0x00007ffbf64b2000 	C:\WINDOWS\System32\KERNEL32.DLL
0x00007ffbf4420000 - 0x00007ffbf46c5000 	C:\WINDOWS\System32\KERNELBASE.dll
0x00007ffbf3b60000 - 0x00007ffbf3c5a000 	C:\WINDOWS\System32\ucrtbase.dll
0x00007ffbd17d0000 - 0x00007ffbd17e8000 	C:\Program Files\Java\jdk-15.0.1\bin\jli.dll
0x00007ffbd17b0000 - 0x00007ffbd17c9000 	C:\Program Files\Java\jdk-15.0.1\bin\VCRUNTIME140.dll
0x00007ffbf4960000 - 0x00007ffbf4a03000 	C:\WINDOWS\System32\ADVAPI32.dll
0x00007ffbf52b0000 - 0x00007ffbf534e000 	C:\WINDOWS\System32\msvcrt.dll
0x00007ffbf47e0000 - 0x00007ffbf4877000 	C:\WINDOWS\System32\sechost.dll
0x00007ffbf64c0000 - 0x00007ffbf65e0000 	C:\WINDOWS\System32\RPCRT4.dll
0x00007ffbf4e80000 - 0x00007ffbf5014000 	C:\WINDOWS\System32\USER32.dll
0x00007ffbf3c60000 - 0x00007ffbf3c81000 	C:\WINDOWS\System32\win32u.dll
0x00007ffbf47b0000 - 0x00007ffbf47d6000 	C:\WINDOWS\System32\GDI32.dll
0x00007ffbdaf60000 - 0x00007ffbdb1e4000 	C:\WINDOWS\WinSxS\amd64_microsoft.windows.common-controls_6595b64144ccf1df_6.0.18362.1198_none_9e820b57e45ad92f\COMCTL32.dll
0x00007ffbf38a0000 - 0x00007ffbf3a36000 	C:\WINDOWS\System32\gdi32full.dll
0x00007ffbf58d0000 - 0x00007ffbf5c05000 	C:\WINDOWS\System32\combase.dll
0x00007ffbf3ac0000 - 0x00007ffbf3b5e000 	C:\WINDOWS\System32\msvcp_win.dll
0x00007ffbf3a40000 - 0x00007ffbf3ac0000 	C:\WINDOWS\System32\bcryptPrimitives.dll
0x00007ffbe2330000 - 0x00007ffbe233a000 	C:\WINDOWS\SYSTEM32\VERSION.dll
0x00007ffbf4930000 - 0x00007ffbf495e000 	C:\WINDOWS\System32\IMM32.DLL
0x00007ffbed890000 - 0x00007ffbed89c000 	C:\Program Files\Java\jdk-15.0.1\bin\vcruntime140_1.dll
0x00007ffbb7f00000 - 0x00007ffbb7f91000 	C:\Program Files\Java\jdk-15.0.1\bin\msvcp140.dll
0x00007ffb8dce0000 - 0x00007ffb8e83e000 	C:\Program Files\Java\jdk-15.0.1\bin\server\jvm.dll
0x00007ffbf58c0000 - 0x00007ffbf58c8000 	C:\WINDOWS\System32\PSAPI.DLL
0x00007ffbeb740000 - 0x00007ffbeb749000 	C:\WINDOWS\SYSTEM32\WSOCK32.dll
0x00007ffbebfc0000 - 0x00007ffbebfe4000 	C:\WINDOWS\SYSTEM32\WINMM.dll
0x00007ffbf5640000 - 0x00007ffbf56af000 	C:\WINDOWS\System32\WS2_32.dll
0x00007ffbebf90000 - 0x00007ffbebfbd000 	C:\WINDOWS\SYSTEM32\WINMMBASE.dll
0x00007ffbf3820000 - 0x00007ffbf386a000 	C:\WINDOWS\System32\cfgmgr32.dll
0x00007ffbf3500000 - 0x00007ffbf3511000 	C:\WINDOWS\System32\kernel.appcore.dll
0x00007ffbe8a90000 - 0x00007ffbe8a9a000 	C:\Program Files\Java\jdk-15.0.1\bin\jimage.dll
0x00007ffbeed70000 - 0x00007ffbeef64000 	C:\WINDOWS\SYSTEM32\DBGHELP.DLL
0x00007ffbd9640000 - 0x00007ffbd966a000 	C:\WINDOWS\SYSTEM32\dbgcore.DLL
0x00007ffbbc750000 - 0x00007ffbbc775000 	C:\Program Files\Java\jdk-15.0.1\bin\java.dll
0x00007ffbf5d00000 - 0x00007ffbf63e7000 	C:\WINDOWS\System32\SHELL32.dll
0x00007ffbf4880000 - 0x00007ffbf4929000 	C:\WINDOWS\System32\shcore.dll
0x00007ffbf3c90000 - 0x00007ffbf4411000 	C:\WINDOWS\System32\windows.storage.dll
0x00007ffbf3520000 - 0x00007ffbf3543000 	C:\WINDOWS\System32\profapi.dll
0x00007ffbf3550000 - 0x00007ffbf359a000 	C:\WINDOWS\System32\powrprof.dll
0x00007ffbf34d0000 - 0x00007ffbf34e0000 	C:\WINDOWS\System32\UMPDC.dll
0x00007ffbf5510000 - 0x00007ffbf5562000 	C:\WINDOWS\System32\shlwapi.dll
0x00007ffbf3800000 - 0x00007ffbf3817000 	C:\WINDOWS\System32\cryptsp.dll
0x00007ffbc2ee0000 - 0x00007ffbc2ef9000 	C:\Program Files\Java\jdk-15.0.1\bin\net.dll
0x00007ffbeac10000 - 0x00007ffbead00000 	C:\WINDOWS\SYSTEM32\WINHTTP.dll
0x00007ffbf2d20000 - 0x00007ffbf2d87000 	C:\WINDOWS\system32\mswsock.dll
0x00007ffbc23c0000 - 0x00007ffbc23d2000 	C:\Program Files\Java\jdk-15.0.1\bin\nio.dll
0x00007ffbc21e0000 - 0x00007ffbc21f8000 	C:\Program Files\Java\jdk-15.0.1\bin\zip.dll
0x000000006e780000 - 0x000000006e7c0000 	C:\Users\fahim\AppData\Local\Programs\Webots\lib\controller\java\JavaController.dll
0x000000006fc40000 - 0x000000006fdf1000 	C:\Users\fahim\AppData\Local\Programs\Webots\msys64\mingw64\bin\cpp\libstdc++-6.dll
0x0000000061440000 - 0x000000006145c000 	C:\Users\fahim\AppData\Local\Programs\Webots\msys64\mingw64\bin\cpp\libgcc_s_seh-1.dll
0x0000000064940000 - 0x0000000064956000 	C:\Users\fahim\AppData\Local\Programs\Webots\msys64\mingw64\bin\cpp\libwinpthread-1.dll
0x0000000064f40000 - 0x0000000064fac000 	C:\Users\fahim\AppData\Local\Programs\Webots\lib\controller\CppController.dll
0x000000006aa40000 - 0x000000006aac8000 	C:\Users\fahim\AppData\Local\Programs\Webots\lib\controller\Controller.dll
0x0000000063e00000 - 0x0000000063e1b000 	C:\Users\fahim\AppData\Local\Programs\Webots\RESOUR~1\projects\plugins\ROBOT_~1\generic\generic.dll

dbghelp: loaded successfully - version: 4.0.5 - missing functions: none
symbol engine: initialized successfully - sym options: 0x614 - pdb path: .;C:\Program Files\Java\jdk-15.0.1\bin;C:\WINDOWS\SYSTEM32;C:\WINDOWS\WinSxS\amd64_microsoft.windows.common-controls_6595b64144ccf1df_6.0.18362.1198_none_9e820b57e45ad92f;C:\Program Files\Java\jdk-15.0.1\bin\server;C:\Users\fahim\AppData\Local\Programs\Webots\lib\controller\java;C:\Users\fahim\AppData\Local\Programs\Webots\msys64\mingw64\bin\cpp;C:\Users\fahim\AppData\Local\Programs\Webots\lib\controller;C:\Users\fahim\AppData\Local\Programs\Webots\RESOUR~1\projects\plugins\ROBOT_~1\generic

VM Arguments:
jvm_args: -Djava.library.path=C:/Users/fahim/AppData/Local/Programs/Webots/lib/controller/java 
java_command: T04Controller
java_class_path (initial): C:/Users/fahim/AppData/Local/Programs/Webots/lib/controller/java/Controller.jar;C:/Users/fahim/Desktop/MCGILL~1/FALL_2~1/FINAL_~1/PROJEC~1/CONTRO~1/T04CON~1/;..\lib\simlejos.jar;..\lib\EV3WiFiClient.jar
Launcher Type: SUN_STANDARD

[Global flags]
     intx CICompilerCount                          = 4                                         {product} {ergonomic}
     uint ConcGCThreads                            = 2                                         {product} {ergonomic}
     uint G1ConcRefinementThreads                  = 8                                         {product} {ergonomic}
   size_t G1HeapRegionSize                         = 2097152                                   {product} {ergonomic}
    uintx GCDrainStackTargetSize                   = 64                                        {product} {ergonomic}
   size_t InitialHeapSize                          = 266338304                                 {product} {ergonomic}
   size_t MarkStackSize                            = 4194304                                   {product} {ergonomic}
   size_t MaxHeapSize                              = 4255121408                                {product} {ergonomic}
   size_t MaxNewSize                               = 2552233984                                {product} {ergonomic}
   size_t MinHeapDeltaBytes                        = 2097152                                   {product} {ergonomic}
   size_t MinHeapSize                              = 8388608                                   {product} {ergonomic}
    uintx NonNMethodCodeHeapSize                   = 5839372                                {pd product} {ergonomic}
    uintx NonProfiledCodeHeapSize                  = 122909434                              {pd product} {ergonomic}
    uintx ProfiledCodeHeapSize                     = 122909434                              {pd product} {ergonomic}
    uintx ReservedCodeCacheSize                    = 251658240                              {pd product} {ergonomic}
     bool SegmentedCodeCache                       = true                                      {product} {ergonomic}
   size_t SoftMaxHeapSize                          = 4255121408                             {manageable} {ergonomic}
     bool UseCompressedClassPointers               = true                                 {lp64_product} {ergonomic}
     bool UseCompressedOops                        = true                                 {lp64_product} {ergonomic}
     bool UseG1GC                                  = true                                      {product} {ergonomic}
     bool UseLargePagesIndividualAllocation        = false                                  {pd product} {ergonomic}

Logging:
Log output configuration:
 #0: stdout all=warning uptime,level,tags
 #1: stderr all=off uptime,level,tags

Environment Variables:
JAVA_HOME=C:\Program Files\AdoptOpenJDK\jdk-14.0.2.12-hotspot\
CLASSPATH=..\lib\simlejos.jar;..\lib\EV3WiFiClient.jar
PATH=C:\Users\fahim\AppData\Local\Programs\Webots\msys64\mingw64\bin\cpp;C:\Program Files\Common Files\Oracle\Java\javapath;C:\Program Files (x86)\Common Files\Oracle\Java\javapath;C:\Program Files\AdoptOpenJDK\jdk-14.0.2.12-hotspot\bin;C:\WINDOWS\system32;C:\WINDOWS;C:\WINDOWS\System32\Wbem;C:\WINDOWS\System32\WindowsPowerShell\v1.0\;C:\WINDOWS\System32\OpenSSH\;C:\Program Files\Intel\WiFi\bin\;C:\Program Files\Common Files\Intel\WirelessCommon\;C:\Program Files\MATLAB\R2019a\bin;C:\Program Files\Git\cmd;C:\Users\fahim\AppData\Local\Microsoft\WindowsApps;C:\Users\fahim\Documents\modelsim_ase\win32aloem;C:\Users\fahim\AppData\Local\GitHubDesktop\bin;C:\Users\fahim\AppData\Local\Programs\Webots\lib\controller
USERNAME=fahim
OS=Windows_NT
PROCESSOR_IDENTIFIER=Intel64 Family 6 Model 142 Stepping 10, GenuineIntel



---------------  S Y S T E M  ---------------

OS:
 Windows 10 , 64 bit Build 18362 (10.0.18362.1110)
OS uptime: 11 days 7:23 hours

CPU: total 8 (initial active 8) (4 cores per cpu, 2 threads per core) family 6 model 142 stepping 10 microcode 0x96, cmov, cx8, fxsr, mmx, sse, sse2, sse3, ssse3, sse4.1, sse4.2, popcnt, vzeroupper, avx, avx2, aes, clmul, erms, 3dnowpref, lzcnt, ht, tsc, tscinvbit, bmi1, bmi2, adx, fma, clflush, clflushopt

Memory: 4k page, system-wide physical 16226M (7705M free)
TotalPageFile size 18658M (AvailPageFile size 5916M)
current process WorkingSet (physical memory assigned to process): 39M, peak: 42M
current process commit charge ("private bytes"): 347M, peak: 353M

vm_info: Java HotSpot(TM) 64-Bit Server VM (15.0.1+9-18) for windows-amd64 JRE (15.0.1+9-18), built on Sep 15 2020 14:43:54 by "mach5one" with unknown MS VC++:1925

END.
